@!@!@STARTMSG 2262:0 @!@!@
TLC2 Version 2.13 of 18 July 2018
@!@!@ENDMSG 2262 @!@!@
@!@!@STARTMSG 2187:0 @!@!@
Running breadth-first search Model-Checking with fp 11 and seed -5115618188112494776 with 4 workers on 8 cores with 2428MB heap and 5460MB offheap memory (Mac OS X 10.14.2 x86_64, Oracle Corporation 1.8.0_191 x86_64).
@!@!@ENDMSG 2187 @!@!@
@!@!@STARTMSG 2220:0 @!@!@
Starting SANY...
@!@!@ENDMSG 2220 @!@!@
Parsing file /Users/jywellin/Desktop/tlaspec/OpCounter.toolbox/Model_1/MC.tla
Parsing file /Users/jywellin/Desktop/tlaspec/OpCounter.toolbox/Model_1/OpCounter.tla
Parsing file /Applications/TLA+ Toolbox.app/Contents/Eclipse/plugins/org.lamport.tlatools_1.0.0.201811291744/tla2sany/StandardModules/TLC.tla
Parsing file /Applications/TLA+ Toolbox.app/Contents/Eclipse/plugins/org.lamport.tlatools_1.0.0.201811291744/tla2sany/StandardModules/Naturals.tla
Parsing file /Applications/TLA+ Toolbox.app/Contents/Eclipse/plugins/org.lamport.tlatools_1.0.0.201811291744/tla2sany/StandardModules/Sequences.tla
Parsing file /Applications/TLA+ Toolbox.app/Contents/Eclipse/plugins/org.lamport.tlatools_1.0.0.201811291744/tla2sany/StandardModules/Bags.tla
Parsing file /Applications/TLA+ Toolbox.app/Contents/Eclipse/plugins/org.lamport.tlatools_1.0.0.201811291744/tla2sany/StandardModules/FiniteSets.tla
Semantic processing of module Naturals
Semantic processing of module Sequences
Semantic processing of module FiniteSets
Semantic processing of module TLC
Semantic processing of module Bags
Semantic processing of module OpCounter
Semantic processing of module MC
@!@!@STARTMSG 2219:0 @!@!@
SANY finished.
@!@!@ENDMSG 2219 @!@!@
@!@!@STARTMSG 2185:0 @!@!@
Starting... (2019-03-22 21:32:49)
@!@!@ENDMSG 2185 @!@!@
@!@!@STARTMSG 2189:0 @!@!@
Computing initial states...
@!@!@ENDMSG 2189 @!@!@
@!@!@STARTMSG 2190:0 @!@!@
Finished computing initial states: 1 distinct state generated at 2019-03-22 21:32:50.
@!@!@ENDMSG 2190 @!@!@
@!@!@STARTMSG 2110:1 @!@!@
Invariant TypeOK is violated.
@!@!@ENDMSG 2110 @!@!@
@!@!@STARTMSG 2121:1 @!@!@
The behavior up to this point is:
@!@!@ENDMSG 2121 @!@!@
@!@!@STARTMSG 2217:4 @!@!@
1: <Initial predicate>
/\ counter = (r1 :> 0 @@ r2 :> 0 @@ r3 :> 0)
/\ buffer = (r1 :> 0 @@ r2 :> 0 @@ r3 :> 0)
/\ incoming = (r1 :> << >> @@ r2 :> << >> @@ r3 :> << >>)

@!@!@ENDMSG 2217 @!@!@
@!@!@STARTMSG 2217:4 @!@!@
2: <inc line 19, col 11 to line 21, col 35 of module OpCounter>
/\ counter = (r1 :> 1 @@ r2 :> 0 @@ r3 :> 0)
/\ buffer = (r1 :> 1 @@ r2 :> 0 @@ r3 :> 0)
/\ incoming = (r1 :> << >> @@ r2 :> << >> @@ r3 :> << >>)

@!@!@ENDMSG 2217 @!@!@
@!@!@STARTMSG 2217:4 @!@!@
3: <inc line 19, col 11 to line 21, col 35 of module OpCounter>
/\ counter = (r1 :> 2 @@ r2 :> 0 @@ r3 :> 0)
/\ buffer = (r1 :> 2 @@ r2 :> 0 @@ r3 :> 0)
/\ incoming = (r1 :> << >> @@ r2 :> << >> @@ r3 :> << >>)

@!@!@ENDMSG 2217 @!@!@
@!@!@STARTMSG 2217:4 @!@!@
4: <inc line 19, col 11 to line 21, col 35 of module OpCounter>
/\ counter = (r1 :> 3 @@ r2 :> 0 @@ r3 :> 0)
/\ buffer = (r1 :> 3 @@ r2 :> 0 @@ r3 :> 0)
/\ incoming = (r1 :> << >> @@ r2 :> << >> @@ r3 :> << >>)

@!@!@ENDMSG 2217 @!@!@
@!@!@STARTMSG 2217:4 @!@!@
5: <inc line 19, col 11 to line 21, col 35 of module OpCounter>
/\ counter = (r1 :> 4 @@ r2 :> 0 @@ r3 :> 0)
/\ buffer = (r1 :> 4 @@ r2 :> 0 @@ r3 :> 0)
/\ incoming = (r1 :> << >> @@ r2 :> << >> @@ r3 :> << >>)

@!@!@ENDMSG 2217 @!@!@
@!@!@STARTMSG 2217:4 @!@!@
6: <inc line 19, col 11 to line 21, col 35 of module OpCounter>
/\ counter = (r1 :> 5 @@ r2 :> 0 @@ r3 :> 0)
/\ buffer = (r1 :> 5 @@ r2 :> 0 @@ r3 :> 0)
/\ incoming = (r1 :> << >> @@ r2 :> << >> @@ r3 :> << >>)

@!@!@ENDMSG 2217 @!@!@
@!@!@STARTMSG 2217:4 @!@!@
7: <inc line 19, col 11 to line 21, col 35 of module OpCounter>
/\ counter = (r1 :> 6 @@ r2 :> 0 @@ r3 :> 0)
/\ buffer = (r1 :> 6 @@ r2 :> 0 @@ r3 :> 0)
/\ incoming = (r1 :> << >> @@ r2 :> << >> @@ r3 :> << >>)

@!@!@ENDMSG 2217 @!@!@
@!@!@STARTMSG 2201:0 @!@!@
The coverage statistics at 2019-03-22 21:32:50
@!@!@ENDMSG 2201 @!@!@
@!@!@STARTMSG 2221:0 @!@!@
  line 19, col 14 to line 19, col 53 of module OpCounter: 52
@!@!@ENDMSG 2221 @!@!@
@!@!@STARTMSG 2221:0 @!@!@
  line 20, col 14 to line 20, col 51 of module OpCounter: 52
@!@!@ENDMSG 2221 @!@!@
@!@!@STARTMSG 2221:0 @!@!@
  line 21, col 24 to line 21, col 35 of module OpCounter: 0
@!@!@ENDMSG 2221 @!@!@
@!@!@STARTMSG 2221:0 @!@!@
  line 24, col 16 to line 24, col 49 of module OpCounter: 14
@!@!@ENDMSG 2221 @!@!@
@!@!@STARTMSG 2221:0 @!@!@
  line 25, col 16 to line 28, col 67 of module OpCounter: 14
@!@!@ENDMSG 2221 @!@!@
@!@!@STARTMSG 2221:0 @!@!@
  line 29, col 26 to line 29, col 36 of module OpCounter: 0
@!@!@ENDMSG 2221 @!@!@
@!@!@STARTMSG 2221:0 @!@!@
  line 33, col 24 to line 33, col 79 of module OpCounter: 17
@!@!@ENDMSG 2221 @!@!@
@!@!@STARTMSG 2221:0 @!@!@
  line 34, col 24 to line 34, col 63 of module OpCounter: 17
@!@!@ENDMSG 2221 @!@!@
@!@!@STARTMSG 2221:0 @!@!@
  line 35, col 28 to line 35, col 37 of module OpCounter: 0
@!@!@ENDMSG 2221 @!@!@
@!@!@STARTMSG 2202:0 @!@!@
End of statistics.
@!@!@ENDMSG 2202 @!@!@
@!@!@STARTMSG 2200:0 @!@!@
Progress(7) at 2019-03-22 21:32:50: 84 states generated (7,230 s/min), 49 distinct states found (4,218 ds/min), 30 states left on queue.
@!@!@ENDMSG 2200 @!@!@
@!@!@STARTMSG 2199:0 @!@!@
84 states generated, 49 distinct states found, 30 states left on queue.
@!@!@ENDMSG 2199 @!@!@
@!@!@STARTMSG 2194:0 @!@!@
The depth of the complete state graph search is 7.
@!@!@ENDMSG 2194 @!@!@
@!@!@STARTMSG 2268:0 @!@!@
The average outdegree of the complete state graph is 3 (minimum is 1, the maximum 4 and the 95th percentile is 4).
@!@!@ENDMSG 2268 @!@!@
@!@!@STARTMSG 2186:0 @!@!@
Finished in 992ms at (2019-03-22 21:32:50)
@!@!@ENDMSG 2186 @!@!@
