@!@!@STARTMSG 2262:0 @!@!@
TLC2 Version 2.13 of 18 July 2018
@!@!@ENDMSG 2262 @!@!@
@!@!@STARTMSG 2187:0 @!@!@
Running breadth-first search Model-Checking with seed 8567515393447421924 with 4 workers on 4 cores with 297MB heap and 664MB offheap memory (Windows 10 10.0 amd64, Oracle Corporation 1.8.0_201 x86_64).
@!@!@ENDMSG 2187 @!@!@
@!@!@STARTMSG 2220:0 @!@!@
Starting SANY...
@!@!@ENDMSG 2220 @!@!@
Parsing file C:\Users\xhdn\Documents\GitHub\CRDT\OpCounter.toolbox\Model_1\MC.tla
Parsing file C:\Users\xhdn\Documents\GitHub\CRDT\OpCounter.toolbox\Model_1\OpCounter.tla
Parsing file C:\Users\xhdn\Documents\Upupoo\Docker\config\编程\TLA\toolbox\plugins\org.lamport.tlatools_1.0.0.201807180447\tla2sany\StandardModules\TLC.tla
Parsing file C:\Users\xhdn\Documents\Upupoo\Docker\config\编程\TLA\toolbox\plugins\org.lamport.tlatools_1.0.0.201807180447\tla2sany\StandardModules\Naturals.tla
Parsing file C:\Users\xhdn\Documents\Upupoo\Docker\config\编程\TLA\toolbox\plugins\org.lamport.tlatools_1.0.0.201807180447\tla2sany\StandardModules\Sequences.tla
Parsing file C:\Users\xhdn\Documents\GitHub\CRDT\OpCounter.toolbox\Model_1\ReliableNetwork.tla
Parsing file C:\Users\xhdn\Documents\GitHub\CRDT\OpCounter.toolbox\Model_1\Network.tla
Parsing file C:\Users\xhdn\Documents\GitHub\CRDT\OpCounter.toolbox\Model_1\Message.tla
Parsing file C:\Users\xhdn\Documents\Upupoo\Docker\config\编程\TLA\toolbox\plugins\org.lamport.tlatools_1.0.0.201807180447\tla2sany\StandardModules\Bags.tla
Parsing file C:\Users\xhdn\Documents\Upupoo\Docker\config\编程\TLA\toolbox\plugins\org.lamport.tlatools_1.0.0.201807180447\tla2sany\StandardModules\FiniteSets.tla
Semantic processing of module Naturals
Semantic processing of module Sequences
Semantic processing of module Message
Semantic processing of module FiniteSets
Semantic processing of module TLC
Semantic processing of module Bags
Semantic processing of module Network
Semantic processing of module ReliableNetwork
Semantic processing of module OpCounter
Semantic processing of module MC
@!@!@STARTMSG 2219:0 @!@!@
SANY finished.
@!@!@ENDMSG 2219 @!@!@
@!@!@STARTMSG 2185:0 @!@!@
Starting... (2019-04-21 21:41:34)
@!@!@ENDMSG 2185 @!@!@
@!@!@STARTMSG 2189:0 @!@!@
Computing initial states...
@!@!@ENDMSG 2189 @!@!@
@!@!@STARTMSG 2190:0 @!@!@
Finished computing initial states: 1 distinct state generated.
@!@!@ENDMSG 2190 @!@!@
@!@!@STARTMSG 1000:1 @!@!@
TLC threw an unexpected exception.
This was probably caused by an error in the spec or model.
See the User Output or TLC Console for clues to what happened.
The exception was a java.lang.RuntimeException
: @!@!@STARTMSG 2154:0 @!@!@
Attempted to apply the operator overridden by the Java method
public static tlc2.value.Value tlc2.module.Bags.BagDiff(tlc2.value.Value,tlc2.value.Value),
but it produced the following error:
@!@!@STARTMSG 2169:0 @!@!@
The first argument of (-) should be a bag, but instead it is:
{}
@!@!@ENDMSG 2169 @!@!@
@!@!@ENDMSG 2154 @!@!@
@!@!@ENDMSG 1000 @!@!@
@!@!@STARTMSG 2121:1 @!@!@
The behavior up to this point is:
@!@!@ENDMSG 2121 @!@!@
@!@!@STARTMSG 2217:4 @!@!@
1: <Initial predicate>
/\ seq = (r1 :> 0 @@ r2 :> 0 @@ r3 :> 0)
/\ buffer = (r1 :> 0 @@ r2 :> 0 @@ r3 :> 0)
/\ msg = (r1 :> NotMsg @@ r2 :> NotMsg @@ r3 :> NotMsg)
/\ counter = (r1 :> 0 @@ r2 :> 0 @@ r3 :> 0)
/\ updateset = (r1 :> {} @@ r2 :> {} @@ r3 :> {})
/\ incoming = (r1 :> << >> @@ r2 :> << >> @@ r3 :> << >>)

@!@!@ENDMSG 2217 @!@!@
@!@!@STARTMSG 2217:4 @!@!@
2: <Inc line 39, col 5 to line 42, col 45 of module OpCounter>
/\ seq = (r1 :> 1 @@ r2 :> 0 @@ r3 :> 0)
/\ buffer = (r1 :> 1 @@ r2 :> 0 @@ r3 :> 0)
/\ msg = (r1 :> NotMsg @@ r2 :> NotMsg @@ r3 :> NotMsg)
/\ counter = (r1 :> 1 @@ r2 :> 0 @@ r3 :> 0)
/\ updateset = (r1 :> {} @@ r2 :> {} @@ r3 :> {})
/\ incoming = (r1 :> << >> @@ r2 :> << >> @@ r3 :> << >>)

@!@!@ENDMSG 2217 @!@!@
@!@!@STARTMSG 2217:4 @!@!@
3: <Send line 45, col 5 to line 48, col 33 of module OpCounter>
/\ seq = (r1 :> 1 @@ r2 :> 0 @@ r3 :> 0)
/\ buffer = (r1 :> 0 @@ r2 :> 0 @@ r3 :> 0)
/\ msg = (r1 :> NotMsg @@ r2 :> NotMsg @@ r3 :> NotMsg)
/\ counter = (r1 :> 1 @@ r2 :> 0 @@ r3 :> 0)
/\ updateset = (r1 :> {[seq |-> 1, r |-> r1, buf |-> 1]} @@ r2 :> {} @@ r3 :> {})
/\ incoming = ( r1 :> << >> @@
  r2 :> ([seq |-> 1, r |-> r1, buf |-> 1] :> 1) @@
  r3 :> ([seq |-> 1, r |-> r1, buf |-> 1] :> 1) )

@!@!@ENDMSG 2217 @!@!@
@!@!@STARTMSG 2103:1 @!@!@
The error occurred when TLC was evaluating the nested
expressions at the following positions:
0. Line 51, column 5 to line 53, column 32 in OpCounter
1. Line 51, column 8 to line 51, column 25 in OpCounter
2. Line 23, column 1 to line 23, column 35 in OpCounter
3. Line 14, column 15 to line 14, column 25 in ReliableNetwork
4. Line 33, column 5 to line 37, column 29 in Network
5. Line 33, column 8 to line 33, column 29 in Network
6. Line 34, column 8 to line 36, column 70 in Network
7. Line 35, column 10 to line 36, column 70 in Network
8. Line 35, column 13 to line 35, column 40 in Network
9. Line 36, column 13 to line 36, column 70 in Network
10. Line 36, column 26 to line 36, column 70 in Network
11. Line 36, column 51 to line 36, column 69 in Network


@!@!@ENDMSG 2103 @!@!@
@!@!@STARTMSG 2201:0 @!@!@
The coverage statistics at 2019-04-21 21:41:36
@!@!@ENDMSG 2201 @!@!@
@!@!@STARTMSG 2221:0 @!@!@
  line 11, col 8 to line 11, col 56 of module ReliableNetwork: 9
@!@!@ENDMSG 2221 @!@!@
@!@!@STARTMSG 2221:0 @!@!@
  line 12, col 20 to line 12, col 22 of module ReliableNetwork: 9
@!@!@ENDMSG 2221 @!@!@
@!@!@STARTMSG 2221:0 @!@!@
  line 35, col 13 to line 35, col 40 of module Network: 0
@!@!@ENDMSG 2221 @!@!@
@!@!@STARTMSG 2221:0 @!@!@
  line 36, col 13 to line 36, col 70 of module Network: 0
@!@!@ENDMSG 2221 @!@!@
@!@!@STARTMSG 2221:0 @!@!@
  line 37, col 20 to line 37, col 27 of module Network: 0
@!@!@ENDMSG 2221 @!@!@
@!@!@STARTMSG 2221:0 @!@!@
  line 39, col 8 to line 39, col 47 of module OpCounter: 29
@!@!@ENDMSG 2221 @!@!@
@!@!@STARTMSG 2221:0 @!@!@
  line 40, col 8 to line 40, col 45 of module OpCounter: 29
@!@!@ENDMSG 2221 @!@!@
@!@!@STARTMSG 2221:0 @!@!@
  line 41, col 8 to line 41, col 39 of module OpCounter: 29
@!@!@ENDMSG 2221 @!@!@
@!@!@STARTMSG 2221:0 @!@!@
  line 42, col 20 to line 42, col 27 of module OpCounter: 29
@!@!@ENDMSG 2221 @!@!@
@!@!@STARTMSG 2221:0 @!@!@
  line 42, col 30 to line 42, col 32 of module OpCounter: 29
@!@!@ENDMSG 2221 @!@!@
@!@!@STARTMSG 2221:0 @!@!@
  line 42, col 35 to line 42, col 43 of module OpCounter: 29
@!@!@ENDMSG 2221 @!@!@
@!@!@STARTMSG 2221:0 @!@!@
  line 46, col 8 to line 46, col 41 of module OpCounter: 9
@!@!@ENDMSG 2221 @!@!@
@!@!@STARTMSG 2221:0 @!@!@
  line 48, col 20 to line 48, col 26 of module OpCounter: 9
@!@!@ENDMSG 2221 @!@!@
@!@!@STARTMSG 2221:0 @!@!@
  line 48, col 29 to line 48, col 31 of module OpCounter: 9
@!@!@ENDMSG 2221 @!@!@
@!@!@STARTMSG 2221:0 @!@!@
  line 52, col 8 to line 52, col 57 of module OpCounter: 0
@!@!@ENDMSG 2221 @!@!@
@!@!@STARTMSG 2221:0 @!@!@
  line 53, col 20 to line 53, col 25 of module OpCounter: 0
@!@!@ENDMSG 2221 @!@!@
@!@!@STARTMSG 2221:0 @!@!@
  line 53, col 28 to line 53, col 30 of module OpCounter: 0
@!@!@ENDMSG 2221 @!@!@
@!@!@STARTMSG 2221:0 @!@!@
  line 7, col 8 to line 10, col 59 of module ReliableNetwork: 9
@!@!@ENDMSG 2221 @!@!@
@!@!@STARTMSG 2202:0 @!@!@
End of statistics.
@!@!@ENDMSG 2202 @!@!@
@!@!@STARTMSG 2200:0 @!@!@
Progress(5) at 2019-04-21 21:41:36: 39 states generated (1,983 s/min), 27 distinct states found (1,372 ds/min), 16 states left on queue.
@!@!@ENDMSG 2200 @!@!@
@!@!@STARTMSG 2199:0 @!@!@
39 states generated, 27 distinct states found, 16 states left on queue.
@!@!@ENDMSG 2199 @!@!@
@!@!@STARTMSG 2194:0 @!@!@
The depth of the complete state graph search is 6.
@!@!@ENDMSG 2194 @!@!@
@!@!@STARTMSG 2268:0 @!@!@
The average outdegree of the complete state graph is 3 (minimum is 1, the maximum 4 and the 95th percentile is 4).
@!@!@ENDMSG 2268 @!@!@
@!@!@STARTMSG 2186:0 @!@!@
Finished in 2931ms at (2019-04-21 21:41:36)
@!@!@ENDMSG 2186 @!@!@
