@!@!@STARTMSG 2262:0 @!@!@
TLC2 Version 2.13 of 18 July 2018
@!@!@ENDMSG 2262 @!@!@
@!@!@STARTMSG 2187:0 @!@!@
Running breadth-first search Model-Checking with fp 13 and seed 1387316387715346844 with 4 workers on 8 cores with 2428MB heap and 5460MB offheap memory (Mac OS X 10.14.2 x86_64, Oracle Corporation 1.8.0_191 x86_64).
@!@!@ENDMSG 2187 @!@!@
@!@!@STARTMSG 2220:0 @!@!@
Starting SANY...
@!@!@ENDMSG 2220 @!@!@
Parsing file /Users/jywellin/CRDT-TLA/OptimizedAWSet.toolbox/Model_1/MC.tla
Parsing file /Users/jywellin/CRDT-TLA/OptimizedAWSet.toolbox/Model_1/OptimizedAWSet.tla
Parsing file /Applications/TLA+ Toolbox.app/Contents/Eclipse/plugins/org.lamport.tlatools_1.0.0.201811291744/tla2sany/StandardModules/TLC.tla
Parsing file /Applications/TLA+ Toolbox.app/Contents/Eclipse/plugins/org.lamport.tlatools_1.0.0.201811291744/tla2sany/StandardModules/Naturals.tla
Parsing file /Applications/TLA+ Toolbox.app/Contents/Eclipse/plugins/org.lamport.tlatools_1.0.0.201811291744/tla2sany/StandardModules/Sequences.tla
Parsing file /Users/jywellin/CRDT-TLA/OptimizedAWSet.toolbox/Model_1/Network.tla
Parsing file /Applications/TLA+ Toolbox.app/Contents/Eclipse/plugins/org.lamport.tlatools_1.0.0.201811291744/tla2sany/StandardModules/Bags.tla
Parsing file /Users/jywellin/CRDT-TLA/OptimizedAWSet.toolbox/Model_1/Message.tla
Parsing file /Applications/TLA+ Toolbox.app/Contents/Eclipse/plugins/org.lamport.tlatools_1.0.0.201811291744/tla2sany/StandardModules/FiniteSets.tla
Semantic processing of module Naturals
Semantic processing of module Sequences
Semantic processing of module FiniteSets
Semantic processing of module TLC
Semantic processing of module Bags
Semantic processing of module Message
Semantic processing of module Network
Semantic processing of module OptimizedAWSet
Semantic processing of module MC
@!@!@STARTMSG 2219:0 @!@!@
SANY finished.
@!@!@ENDMSG 2219 @!@!@
@!@!@STARTMSG 2185:0 @!@!@
Starting... (2019-04-29 14:29:51)
@!@!@ENDMSG 2185 @!@!@
@!@!@STARTMSG 2189:0 @!@!@
Computing initial states...
@!@!@ENDMSG 2189 @!@!@
@!@!@STARTMSG 2190:0 @!@!@
Finished computing initial states: 1 distinct state generated at 2019-04-29 14:29:52.
@!@!@ENDMSG 2190 @!@!@
@!@!@STARTMSG 1000:1 @!@!@
TLC threw an unexpected exception.
This was probably caused by an error in the spec or model.
See the User Output or TLC Console for clues to what happened.
The exception was a java.lang.RuntimeException
: @!@!@STARTMSG 2154:0 @!@!@
Attempted to apply the operator overridden by the Java method
public static tlc2.value.IntValue tlc2.module.Naturals.Minus(tlc2.value.IntValue,tlc2.value.IntValue),
but it produced the following error:
Cannot cast tlc2.value.SetEnumValue to tlc2.value.IntValue
@!@!@ENDMSG 2154 @!@!@
@!@!@ENDMSG 1000 @!@!@
@!@!@STARTMSG 2121:1 @!@!@
The behavior up to this point is:
@!@!@ENDMSG 2121 @!@!@
@!@!@STARTMSG 2217:4 @!@!@
1: <Initial predicate>
/\ seq = (r1 :> 0 @@ r2 :> 0 @@ r3 :> 0)
/\ msg = (r1 :> NotMsg @@ r2 :> NotMsg @@ r3 :> NotMsg)
/\ updateset = (r1 :> {} @@ r2 :> {} @@ r3 :> {})
/\ aSet = (r1 :> {} @@ r2 :> {} @@ r3 :> {})
/\ incoming = (r1 :> << >> @@ r2 :> << >> @@ r3 :> << >>)
/\ vc = ( r1 :> (r1 :> 0 @@ r2 :> 0 @@ r3 :> 0) @@
  r2 :> (r1 :> 0 @@ r2 :> 0 @@ r3 :> 0) @@
  r3 :> (r1 :> 0 @@ r2 :> 0 @@ r3 :> 0) )

@!@!@ENDMSG 2217 @!@!@
@!@!@STARTMSG 2217:4 @!@!@
2: <Send line 51, col 5 to line 52, col 34 of module OptimizedAWSet>
/\ seq = (r1 :> 0 @@ r2 :> 0 @@ r3 :> 0)
/\ msg = (r1 :> NotMsg @@ r2 :> NotMsg @@ r3 :> NotMsg)
/\ updateset = (r1 :> {[seq |-> 0, r |-> r1]} @@ r2 :> {} @@ r3 :> {})
/\ aSet = (r1 :> {} @@ r2 :> {} @@ r3 :> {})
/\ incoming = ( r1 :> << >> @@
  r2 :>
      ( [ seq |-> 0,
          vc |-> (r1 :> 0 @@ r2 :> 0 @@ r3 :> 0),
          r |-> r1,
          A |-> {} ] :>
            1 ) @@
  r3 :>
      ( [ seq |-> 0,
          vc |-> (r1 :> 0 @@ r2 :> 0 @@ r3 :> 0),
          r |-> r1,
          A |-> {} ] :>
            1 ) )
/\ vc = ( r1 :> (r1 :> 0 @@ r2 :> 0 @@ r3 :> 0) @@
  r2 :> (r1 :> 0 @@ r2 :> 0 @@ r3 :> 0) @@
  r3 :> (r1 :> 0 @@ r2 :> 0 @@ r3 :> 0) )

@!@!@ENDMSG 2217 @!@!@
@!@!@STARTMSG 2103:1 @!@!@
The error occurred when TLC was evaluating the nested
expressions at the following positions:
0. Line 57, column 5 to line 64, column 28 in OptimizedAWSet
1. Line 57, column 8 to line 57, column 26 in OptimizedAWSet
2. Line 23, column 1 to line 23, column 27 in OptimizedAWSet
3. Line 24, column 5 to line 28, column 29 in Network
4. Line 24, column 8 to line 24, column 29 in Network
5. Line 25, column 8 to line 27, column 27 in Network
6. Line 26, column 10 to line 27, column 27 in Network
7. Line 26, column 13 to line 26, column 40 in Network
8. Line 27, column 13 to line 27, column 27 in Network
9. Line 17, column 5 to line 17, column 60 in Message
10. Line 28, column 8 to line 28, column 29 in Network
11. Line 28, column 18 to line 28, column 29 in Network
12. Line 28, column 20 to line 28, column 27 in Network
13. Line 58, column 8 to line 62, column 50 in OptimizedAWSet
14. Line 62, column 12 to line 62, column 50 in OptimizedAWSet
15. Line 62, column 20 to line 62, column 50 in OptimizedAWSet
16. Line 62, column 40 to line 62, column 49 in OptimizedAWSet
17. Line 62, column 40 to line 62, column 41 in OptimizedAWSet
18. Line 60, column 18 to line 60, column 26 in OptimizedAWSet
19. Line 60, column 25 to line 60, column 26 in OptimizedAWSet
20. Line 58, column 18 to line 58, column 68 in OptimizedAWSet
21. Line 58, column 27 to line 58, column 42 in OptimizedAWSet


@!@!@ENDMSG 2103 @!@!@
@!@!@STARTMSG 2201:0 @!@!@
The coverage statistics at 2019-04-29 14:29:52
@!@!@ENDMSG 2201 @!@!@
@!@!@STARTMSG 2221:0 @!@!@
  line 16, col 8 to line 19, col 60 of module Network: 98
@!@!@ENDMSG 2221 @!@!@
@!@!@STARTMSG 2221:0 @!@!@
  line 17, col 5 to line 17, col 60 of module Message: 98
@!@!@ENDMSG 2221 @!@!@
@!@!@STARTMSG 2221:0 @!@!@
  line 21, col 18 to line 21, col 24 of module Network: 0
@!@!@ENDMSG 2221 @!@!@
@!@!@STARTMSG 2221:0 @!@!@
  line 26, col 13 to line 26, col 40 of module Network: 0
@!@!@ENDMSG 2221 @!@!@
@!@!@STARTMSG 2221:0 @!@!@
  line 28, col 18 to line 28, col 29 of module Network: 0
@!@!@ENDMSG 2221 @!@!@
@!@!@STARTMSG 2221:0 @!@!@
  line 38, col 8 to line 38, col 39 of module OptimizedAWSet: 306
@!@!@ENDMSG 2221 @!@!@
@!@!@STARTMSG 2221:0 @!@!@
  line 40, col 11 to line 40, col 88 of module OptimizedAWSet: 306
@!@!@ENDMSG 2221 @!@!@
@!@!@STARTMSG 2221:0 @!@!@
  line 41, col 8 to line 41, col 40 of module OptimizedAWSet: 306
@!@!@ENDMSG 2221 @!@!@
@!@!@STARTMSG 2221:0 @!@!@
  line 42, col 18 to line 42, col 45 of module OptimizedAWSet: 0
@!@!@ENDMSG 2221 @!@!@
@!@!@STARTMSG 2221:0 @!@!@
  line 45, col 8 to line 45, col 39 of module OptimizedAWSet: 306
@!@!@ENDMSG 2221 @!@!@
@!@!@STARTMSG 2221:0 @!@!@
  line 47, col 13 to line 47, col 46 of module OptimizedAWSet: 306
@!@!@ENDMSG 2221 @!@!@
@!@!@STARTMSG 2221:0 @!@!@
  line 48, col 18 to line 48, col 49 of module OptimizedAWSet: 0
@!@!@ENDMSG 2221 @!@!@
@!@!@STARTMSG 2221:0 @!@!@
  line 52, col 18 to line 52, col 34 of module OptimizedAWSet: 0
@!@!@ENDMSG 2221 @!@!@
@!@!@STARTMSG 2221:0 @!@!@
  line 62, col 12 to line 62, col 50 of module OptimizedAWSet: 0
@!@!@ENDMSG 2221 @!@!@
@!@!@STARTMSG 2221:0 @!@!@
  line 63, col 27 to line 63, col 78 of module OptimizedAWSet: 0
@!@!@ENDMSG 2221 @!@!@
@!@!@STARTMSG 2221:0 @!@!@
  line 64, col 18 to line 64, col 28 of module OptimizedAWSet: 0
@!@!@ENDMSG 2221 @!@!@
@!@!@STARTMSG 2202:0 @!@!@
End of statistics.
@!@!@ENDMSG 2202 @!@!@
@!@!@STARTMSG 2200:0 @!@!@
Progress(5) at 2019-04-29 14:29:52: 711 states generated (75,772 s/min), 273 distinct states found (29,094 ds/min), 239 states left on queue.
@!@!@ENDMSG 2200 @!@!@
@!@!@STARTMSG 2199:0 @!@!@
711 states generated, 273 distinct states found, 239 states left on queue.
@!@!@ENDMSG 2199 @!@!@
@!@!@STARTMSG 2194:0 @!@!@
The depth of the complete state graph search is 5.
@!@!@ENDMSG 2194 @!@!@
@!@!@STARTMSG 2268:0 @!@!@
The average outdegree of the complete state graph is 8 (minimum is 5, the maximum 12 and the 95th percentile is 11).
@!@!@ENDMSG 2268 @!@!@
@!@!@STARTMSG 2186:0 @!@!@
Finished in 909ms at (2019-04-29 14:29:52)
@!@!@ENDMSG 2186 @!@!@
