@!@!@STARTMSG 2262:0 @!@!@
TLC2 Version 2.13 of 18 July 2018
@!@!@ENDMSG 2262 @!@!@
@!@!@STARTMSG 2187:0 @!@!@
Running breadth-first search Model-Checking with fp 114 and seed -6063655592309852113 with 4 workers on 8 cores with 2428MB heap and 5460MB offheap memory (Mac OS X 10.14.2 x86_64, Oracle Corporation 1.8.0_191 x86_64).
@!@!@ENDMSG 2187 @!@!@
@!@!@STARTMSG 2220:0 @!@!@
Starting SANY...
@!@!@ENDMSG 2220 @!@!@
Parsing file /Users/jywellin/Documents/GitHub/CRDT/StateCounter.toolbox/Model_1/MC.tla
Parsing file /Users/jywellin/Documents/GitHub/CRDT/StateCounter.toolbox/Model_1/StateCounter.tla
Parsing file /Applications/TLA+ Toolbox.app/Contents/Eclipse/plugins/org.lamport.tlatools_1.0.0.201811291744/tla2sany/StandardModules/TLC.tla
Parsing file /Applications/TLA+ Toolbox.app/Contents/Eclipse/plugins/org.lamport.tlatools_1.0.0.201811291744/tla2sany/StandardModules/Naturals.tla
Parsing file /Applications/TLA+ Toolbox.app/Contents/Eclipse/plugins/org.lamport.tlatools_1.0.0.201811291744/tla2sany/StandardModules/Sequences.tla
Parsing file /Applications/TLA+ Toolbox.app/Contents/Eclipse/plugins/org.lamport.tlatools_1.0.0.201811291744/tla2sany/StandardModules/Bags.tla
Parsing file /Users/jywellin/Documents/GitHub/CRDT/StateCounter.toolbox/Model_1/ReliableNetwork.tla
Parsing file /Applications/TLA+ Toolbox.app/Contents/Eclipse/plugins/org.lamport.tlatools_1.0.0.201811291744/tla2sany/StandardModules/FiniteSets.tla
Parsing file /Users/jywellin/Documents/GitHub/CRDT/StateCounter.toolbox/Model_1/Network.tla
Semantic processing of module Naturals
Semantic processing of module Sequences
Semantic processing of module FiniteSets
Semantic processing of module TLC
Semantic processing of module Bags
Semantic processing of module Network
Semantic processing of module ReliableNetwork
Semantic processing of module StateCounter
Semantic processing of module MC
@!@!@STARTMSG 2219:0 @!@!@
SANY finished.
@!@!@ENDMSG 2219 @!@!@
@!@!@STARTMSG 2185:0 @!@!@
Starting... (2019-04-02 16:09:22)
@!@!@ENDMSG 2185 @!@!@
@!@!@STARTMSG 2189:0 @!@!@
Computing initial states...
@!@!@ENDMSG 2189 @!@!@
@!@!@STARTMSG 2190:0 @!@!@
Finished computing initial states: 1 distinct state generated at 2019-04-02 16:09:23.
@!@!@ENDMSG 2190 @!@!@
@!@!@STARTMSG 1000:1 @!@!@
TLC threw an unexpected exception.
This was probably caused by an error in the spec or model.
See the User Output or TLC Console for clues to what happened.
The exception was a java.lang.RuntimeException
: @!@!@STARTMSG 2154:0 @!@!@
Attempted to apply the operator overridden by the Java method
public static tlc2.value.BoolValue tlc2.module.Naturals.GT(tlc2.value.Value,tlc2.value.Value),
but it produced the following error:
@!@!@STARTMSG 2266:0 @!@!@
The second argument of > should be an integer, but instead it is:
(r1 :> 0 @@ r2 :> 0 @@ r3 :> 0)
@!@!@ENDMSG 2266 @!@!@
@!@!@ENDMSG 2154 @!@!@
@!@!@ENDMSG 1000 @!@!@
@!@!@STARTMSG 2121:1 @!@!@
The behavior up to this point is:
@!@!@ENDMSG 2121 @!@!@
@!@!@STARTMSG 2217:4 @!@!@
1: <Initial predicate>
/\ msg = (r1 :> 0 @@ r2 :> 0 @@ r3 :> 0)
/\ state = ( r1 :> (r1 :> 0 @@ r2 :> 0 @@ r3 :> 0) @@
  r2 :> (r1 :> 0 @@ r2 :> 0 @@ r3 :> 0) @@
  r3 :> (r1 :> 0 @@ r2 :> 0 @@ r3 :> 0) )
/\ incoming = (r1 :> << >> @@ r2 :> << >> @@ r3 :> << >>)
/\ update = (r1 :> 0 @@ r2 :> 0 @@ r3 :> 0)

@!@!@ENDMSG 2217 @!@!@
@!@!@STARTMSG 2217:4 @!@!@
2: <Next line 51, col 9 to line 51, col 60 of module StateCounter>
/\ msg = (r1 :> 0 @@ r2 :> 0 @@ r3 :> 0)
/\ state = ( r1 :> (r1 :> 0 @@ r2 :> 0 @@ r3 :> 0) @@
  r2 :> (r1 :> 0 @@ r2 :> 0 @@ r3 :> 0) @@
  r3 :> (r1 :> 0 @@ r2 :> 0 @@ r3 :> 0) )
/\ incoming = ( r1 :> << >> @@
  r2 :> ((r1 :> 0 @@ r2 :> 0 @@ r3 :> 0) :> 1) @@
  r3 :> ((r1 :> 0 @@ r2 :> 0 @@ r3 :> 0) :> 1) )
/\ update = (r1 :> 0 @@ r2 :> 0 @@ r3 :> 0)

@!@!@ENDMSG 2217 @!@!@
@!@!@STARTMSG 2103:1 @!@!@
The error occurred when TLC was evaluating the nested
expressions at the following positions:
0. Line 51, column 9 to line 51, column 60 in StateCounter
1. Line 51, column 12 to line 51, column 60 in StateCounter
2. Line 51, column 30 to line 51, column 60 in StateCounter
3. Line 51, column 51 to line 51, column 60 in StateCounter
4. Line 47, column 15 to line 49, column 37 in StateCounter
5. Line 47, column 18 to line 47, column 35 in StateCounter
6. Line 20, column 1 to line 20, column 74 in StateCounter
7. Line 17, column 15 to line 17, column 32 in ReliableNetwork
8. Line 11, column 1 to line 11, column 65 in ReliableNetwork
9. Line 24, column 15 to line 27, column 58 in Network
10. Line 24, column 18 to line 24, column 39 in Network
11. Line 25, column 19 to line 27, column 58 in Network
12. Line 26, column 27 to line 27, column 57 in Network
13. Line 26, column 30 to line 26, column 85 in Network
14. Line 27, column 30 to line 27, column 57 in Network
15. Line 48, column 18 to line 48, column 87 in StateCounter
16. Line 48, column 36 to line 48, column 87 in StateCounter
17. Line 48, column 45 to line 48, column 87 in StateCounter
18. Line 48, column 69 to line 48, column 86 in StateCounter
19. Line 45, column 17 to line 45, column 38 in StateCounter
20. Line 45, column 20 to line 45, column 24 in StateCounter


@!@!@ENDMSG 2103 @!@!@
@!@!@STARTMSG 2201:0 @!@!@
The coverage statistics at 2019-04-02 16:09:23
@!@!@ENDMSG 2201 @!@!@
@!@!@STARTMSG 2221:0 @!@!@
  line 19, col 22 to line 22, col 47 of module ReliableNetwork: 15
@!@!@ENDMSG 2221 @!@!@
@!@!@STARTMSG 2221:0 @!@!@
  line 23, col 32 to line 23, col 38 of module ReliableNetwork: 0
@!@!@ENDMSG 2221 @!@!@
@!@!@STARTMSG 2221:0 @!@!@
  line 26, col 30 to line 26, col 85 of module Network: 0
@!@!@ENDMSG 2221 @!@!@
@!@!@STARTMSG 2221:0 @!@!@
  line 27, col 30 to line 27, col 57 of module Network: 0
@!@!@ENDMSG 2221 @!@!@
@!@!@STARTMSG 2221:0 @!@!@
  line 35, col 14 to line 35, col 52 of module StateCounter: 15
@!@!@ENDMSG 2221 @!@!@
@!@!@STARTMSG 2221:0 @!@!@
  line 36, col 14 to line 36, col 46 of module StateCounter: 15
@!@!@ENDMSG 2221 @!@!@
@!@!@STARTMSG 2221:0 @!@!@
  line 37, col 24 to line 37, col 30 of module StateCounter: 0
@!@!@ENDMSG 2221 @!@!@
@!@!@STARTMSG 2221:0 @!@!@
  line 41, col 15 to line 41, col 47 of module StateCounter: 15
@!@!@ENDMSG 2221 @!@!@
@!@!@STARTMSG 2221:0 @!@!@
  line 42, col 25 to line 42, col 33 of module StateCounter: 0
@!@!@ENDMSG 2221 @!@!@
@!@!@STARTMSG 2221:0 @!@!@
  line 48, col 36 to line 48, col 87 of module StateCounter: 0
@!@!@ENDMSG 2221 @!@!@
@!@!@STARTMSG 2221:0 @!@!@
  line 49, col 28 to line 49, col 37 of module StateCounter: 0
@!@!@ENDMSG 2221 @!@!@
@!@!@STARTMSG 2202:0 @!@!@
End of statistics.
@!@!@ENDMSG 2202 @!@!@
@!@!@STARTMSG 2200:0 @!@!@
Progress(5) at 2019-04-02 16:09:23: 31 states generated (2,707 s/min), 18 distinct states found (1,572 ds/min), 9 states left on queue.
@!@!@ENDMSG 2200 @!@!@
@!@!@STARTMSG 2199:0 @!@!@
31 states generated, 18 distinct states found, 9 states left on queue.
@!@!@ENDMSG 2199 @!@!@
@!@!@STARTMSG 2194:0 @!@!@
The depth of the complete state graph search is 5.
@!@!@ENDMSG 2194 @!@!@
@!@!@STARTMSG 2268:0 @!@!@
The average outdegree of the complete state graph is 3 (minimum is 2, the maximum 4 and the 95th percentile is 4).
@!@!@ENDMSG 2268 @!@!@
@!@!@STARTMSG 2186:0 @!@!@
Finished in 991ms at (2019-04-02 16:09:23)
@!@!@ENDMSG 2186 @!@!@
