@!@!@STARTMSG 2262:0 @!@!@
TLC2 Version 2.13 of 18 July 2018
@!@!@ENDMSG 2262 @!@!@
@!@!@STARTMSG 2187:0 @!@!@
Running breadth-first search Model-Checking with fp 44 and seed -3023017745382795424 with 4 workers on 8 cores with 2428MB heap and 5460MB offheap memory (Mac OS X 10.14.2 x86_64, Oracle Corporation 1.8.0_191 x86_64).
@!@!@ENDMSG 2187 @!@!@
@!@!@STARTMSG 2220:0 @!@!@
Starting SANY...
@!@!@ENDMSG 2220 @!@!@
Parsing file /Users/jywellin/CRDT-TLA/RGA.toolbox/Model_1/MC.tla
Parsing file /Users/jywellin/CRDT-TLA/RGA.toolbox/Model_1/RGA.tla
Parsing file /Applications/TLA+ Toolbox.app/Contents/Eclipse/plugins/org.lamport.tlatools_1.0.0.201811291744/tla2sany/StandardModules/TLC.tla
Parsing file /Applications/TLA+ Toolbox.app/Contents/Eclipse/plugins/org.lamport.tlatools_1.0.0.201811291744/tla2sany/StandardModules/Integers.tla
Parsing file /Applications/TLA+ Toolbox.app/Contents/Eclipse/plugins/org.lamport.tlatools_1.0.0.201811291744/tla2sany/StandardModules/Sequences.tla
Parsing file /Applications/TLA+ Toolbox.app/Contents/Eclipse/plugins/org.lamport.tlatools_1.0.0.201811291744/tla2sany/StandardModules/Naturals.tla
Parsing file /Users/jywellin/CRDT-TLA/RGA.toolbox/Model_1/InsertTree.tla
Parsing file /Users/jywellin/CRDT-TLA/RGA.toolbox/Model_1/ReliableCausalNetwork.tla
Parsing file /Users/jywellin/CRDT-TLA/RGA.toolbox/Model_1/ReliableNetwork.tla
Parsing file /Users/jywellin/CRDT-TLA/RGA.toolbox/Model_1/Network.tla
Parsing file /Applications/TLA+ Toolbox.app/Contents/Eclipse/plugins/org.lamport.tlatools_1.0.0.201811291744/tla2sany/StandardModules/Bags.tla
Parsing file /Users/jywellin/CRDT-TLA/RGA.toolbox/Model_1/Message.tla
Parsing file /Applications/TLA+ Toolbox.app/Contents/Eclipse/plugins/org.lamport.tlatools_1.0.0.201811291744/tla2sany/StandardModules/FiniteSets.tla
Semantic processing of module Naturals
Semantic processing of module Integers
Semantic processing of module Sequences
Semantic processing of module FiniteSets
Semantic processing of module TLC
Semantic processing of module InsertTree
Semantic processing of module Bags
Semantic processing of module Message
Semantic processing of module Network
Semantic processing of module ReliableNetwork
Semantic processing of module ReliableCausalNetwork
Semantic processing of module RGA
Semantic processing of module MC
@!@!@STARTMSG 2219:0 @!@!@
SANY finished.
@!@!@ENDMSG 2219 @!@!@
@!@!@STARTMSG 2185:0 @!@!@
Starting... (2019-04-28 14:35:16)
@!@!@ENDMSG 2185 @!@!@
<<"$!@$!@$!@$!@$!", FALSE>>
@!@!@STARTMSG 2189:0 @!@!@
Computing initial states...
@!@!@ENDMSG 2189 @!@!@
@!@!@STARTMSG 2190:0 @!@!@
Finished computing initial states: 1 distinct state generated at 2019-04-28 14:35:17.
@!@!@ENDMSG 2190 @!@!@
@!@!@STARTMSG 1000:1 @!@!@
TLC threw an unexpected exception.
This was probably caused by an error in the spec or model.
See the User Output or TLC Console for clues to what happened.
The exception was a java.lang.RuntimeException
: TLC encountered a non-enumerable quantifier bound
( [ insbuf |-> {[ts |-> [r |-> "r1", time |-> 1], parent |-> "o", ch |-> "a"]},
    tombbuf |-> {},
    seq |-> 1,
    vc |-> [r1 |-> 1, r2 |-> 0, r3 |-> 0],
    r |-> "r1" ] :>
      1 ).
line 18, col 17 to line 18, col 27 of module ReliableCausalNetwork
@!@!@ENDMSG 1000 @!@!@
@!@!@STARTMSG 2121:1 @!@!@
The behavior up to this point is:
@!@!@ENDMSG 2121 @!@!@
@!@!@STARTMSG 2217:4 @!@!@
1: <Initial predicate>
/\ seq = [r1 |-> 0, r2 |-> 0, r3 |-> 0]
/\ chins = {"a", "b", "c"}
/\ msg = [r1 |-> NotMsg, r2 |-> NotMsg, r3 |-> NotMsg]
/\ tombbuf = [r1 |-> {}, r2 |-> {}, r3 |-> {}]
/\ updateset = [r1 |-> {}, r2 |-> {}, r3 |-> {}]
/\ tree = [r1 |-> {}, r2 |-> {}, r3 |-> {}]
/\ tomb = [r1 |-> {}, r2 |-> {}, r3 |-> {}]
/\ insbuf = [r1 |-> {}, r2 |-> {}, r3 |-> {}]
/\ incoming = [r1 |-> << >>, r2 |-> << >>, r3 |-> << >>]
/\ vc = [ r1 |-> [r1 |-> 0, r2 |-> 0, r3 |-> 0],
  r2 |-> [r1 |-> 0, r2 |-> 0, r3 |-> 0],
  r3 |-> [r1 |-> 0, r2 |-> 0, r3 |-> 0] ]

@!@!@ENDMSG 2217 @!@!@
@!@!@STARTMSG 2217:4 @!@!@
2: <DoIns line 51, col 9 to line 58, col 68 of module RGA>
/\ seq = [r1 |-> 1, r2 |-> 0, r3 |-> 0]
/\ chins = {"b", "c"}
/\ msg = [r1 |-> NotMsg, r2 |-> NotMsg, r3 |-> NotMsg]
/\ tombbuf = [r1 |-> {}, r2 |-> {}, r3 |-> {}]
/\ updateset = [r1 |-> {}, r2 |-> {}, r3 |-> {}]
/\ tree = [ r1 |-> {[ts |-> [r |-> "r1", time |-> 1], parent |-> "o", ch |-> "a"]},
  r2 |-> {},
  r3 |-> {} ]
/\ tomb = [r1 |-> {}, r2 |-> {}, r3 |-> {}]
/\ insbuf = [ r1 |-> {[ts |-> [r |-> "r1", time |-> 1], parent |-> "o", ch |-> "a"]},
  r2 |-> {},
  r3 |-> {} ]
/\ incoming = [r1 |-> << >>, r2 |-> << >>, r3 |-> << >>]
/\ vc = [ r1 |-> [r1 |-> 0, r2 |-> 0, r3 |-> 0],
  r2 |-> [r1 |-> 0, r2 |-> 0, r3 |-> 0],
  r3 |-> [r1 |-> 0, r2 |-> 0, r3 |-> 0] ]

@!@!@ENDMSG 2217 @!@!@
@!@!@STARTMSG 2217:4 @!@!@
3: <Send line 80, col 6 to line 85, col 44 of module RGA>
/\ seq = [r1 |-> 1, r2 |-> 0, r3 |-> 0]
/\ chins = {"b", "c"}
/\ msg = [r1 |-> NotMsg, r2 |-> NotMsg, r3 |-> NotMsg]
/\ tombbuf = [r1 |-> {}, r2 |-> {}, r3 |-> {}]
/\ updateset = [r1 |-> {[seq |-> 1, r |-> "r1"]}, r2 |-> {}, r3 |-> {}]
/\ tree = [ r1 |-> {[ts |-> [r |-> "r1", time |-> 1], parent |-> "o", ch |-> "a"]},
  r2 |-> {},
  r3 |-> {} ]
/\ tomb = [r1 |-> {}, r2 |-> {}, r3 |-> {}]
/\ insbuf = [r1 |-> {}, r2 |-> {}, r3 |-> {}]
/\ incoming = [ r1 |-> << >>,
  r2 |->
      ( [ insbuf |->
              {[ts |-> [r |-> "r1", time |-> 1], parent |-> "o", ch |-> "a"]},
          tombbuf |-> {},
          seq |-> 1,
          vc |-> [r1 |-> 1, r2 |-> 0, r3 |-> 0],
          r |-> "r1" ] :>
            1 ),
  r3 |->
      ( [ insbuf |->
              {[ts |-> [r |-> "r1", time |-> 1], parent |-> "o", ch |-> "a"]},
          tombbuf |-> {},
          seq |-> 1,
          vc |-> [r1 |-> 1, r2 |-> 0, r3 |-> 0],
          r |-> "r1" ] :>
            1 ) ]
/\ vc = [ r1 |-> [r1 |-> 1, r2 |-> 0, r3 |-> 0],
  r2 |-> [r1 |-> 0, r2 |-> 0, r3 |-> 0],
  r3 |-> [r1 |-> 0, r2 |-> 0, r3 |-> 0] ]

@!@!@ENDMSG 2217 @!@!@
@!@!@STARTMSG 2103:1 @!@!@
The error occurred when TLC was evaluating the nested
expressions at the following positions:
0. Line 91, column 5 to line 94, column 48 in RGA
1. Line 91, column 8 to line 91, column 25 in RGA
2. Line 29, column 1 to line 29, column 41 in RGA
3. Line 17, column 5 to line 25, column 27 in ReliableCausalNetwork
4. Line 17, column 8 to line 17, column 29 in ReliableCausalNetwork
5. Line 18, column 8 to line 25, column 27 in ReliableCausalNetwork


@!@!@ENDMSG 2103 @!@!@
@!@!@STARTMSG 2201:0 @!@!@
The coverage statistics at 2019-04-28 14:35:18
@!@!@ENDMSG 2201 @!@!@
@!@!@STARTMSG 2221:0 @!@!@
  line 14, col 23 to line 14, col 55 of module ReliableCausalNetwork: 24
@!@!@ENDMSG 2221 @!@!@
@!@!@STARTMSG 2221:0 @!@!@
  line 17, col 5 to line 17, col 60 of module Message: 24
@!@!@ENDMSG 2221 @!@!@
@!@!@STARTMSG 2221:0 @!@!@
  line 17, col 8 to line 20, col 60 of module Network: 24
@!@!@ENDMSG 2221 @!@!@
@!@!@STARTMSG 2221:0 @!@!@
  line 22, col 18 to line 22, col 24 of module Network: 0
@!@!@ENDMSG 2221 @!@!@
@!@!@STARTMSG 2221:0 @!@!@
  line 23, col 13 to line 23, col 47 of module ReliableCausalNetwork: 0
@!@!@ENDMSG 2221 @!@!@
@!@!@STARTMSG 2221:0 @!@!@
  line 24, col 13 to line 24, col 40 of module ReliableCausalNetwork: 0
@!@!@ENDMSG 2221 @!@!@
@!@!@STARTMSG 2221:0 @!@!@
  line 54, col 12 to line 54, col 36 of module RGA: 148
@!@!@ENDMSG 2221 @!@!@
@!@!@STARTMSG 2221:0 @!@!@
  line 55, col 12 to line 55, col 53 of module RGA: 148
@!@!@ENDMSG 2221 @!@!@
@!@!@STARTMSG 2221:0 @!@!@
  line 56, col 12 to line 56, col 55 of module RGA: 148
@!@!@ENDMSG 2221 @!@!@
@!@!@STARTMSG 2221:0 @!@!@
  line 57, col 12 to line 57, col 43 of module RGA: 148
@!@!@ENDMSG 2221 @!@!@
@!@!@STARTMSG 2221:0 @!@!@
  line 58, col 22 to line 58, col 68 of module RGA: 0
@!@!@ENDMSG 2221 @!@!@
@!@!@STARTMSG 2221:0 @!@!@
  line 65, col 12 to line 65, col 52 of module RGA: 34
@!@!@ENDMSG 2221 @!@!@
@!@!@STARTMSG 2221:0 @!@!@
  line 66, col 12 to line 66, col 58 of module RGA: 34
@!@!@ENDMSG 2221 @!@!@
@!@!@STARTMSG 2221:0 @!@!@
  line 67, col 12 to line 67, col 43 of module RGA: 34
@!@!@ENDMSG 2221 @!@!@
@!@!@STARTMSG 2221:0 @!@!@
  line 68, col 22 to line 68, col 74 of module RGA: 0
@!@!@ENDMSG 2221 @!@!@
@!@!@STARTMSG 2221:0 @!@!@
  line 83, col 9 to line 83, col 45 of module RGA: 24
@!@!@ENDMSG 2221 @!@!@
@!@!@STARTMSG 2221:0 @!@!@
  line 84, col 9 to line 84, col 42 of module RGA: 24
@!@!@ENDMSG 2221 @!@!@
@!@!@STARTMSG 2221:0 @!@!@
  line 85, col 19 to line 85, col 44 of module RGA: 0
@!@!@ENDMSG 2221 @!@!@
@!@!@STARTMSG 2221:0 @!@!@
  line 92, col 8 to line 92, col 58 of module RGA: 0
@!@!@ENDMSG 2221 @!@!@
@!@!@STARTMSG 2221:0 @!@!@
  line 93, col 8 to line 93, col 58 of module RGA: 0
@!@!@ENDMSG 2221 @!@!@
@!@!@STARTMSG 2221:0 @!@!@
  line 94, col 18 to line 94, col 48 of module RGA: 0
@!@!@ENDMSG 2221 @!@!@
@!@!@STARTMSG 2202:0 @!@!@
End of statistics.
@!@!@ENDMSG 2202 @!@!@
@!@!@STARTMSG 2200:0 @!@!@
Progress(5) at 2019-04-28 14:35:18: 207 states generated (7,563 s/min), 159 distinct states found (5,809 ds/min), 135 states left on queue.
@!@!@ENDMSG 2200 @!@!@
@!@!@STARTMSG 2199:0 @!@!@
207 states generated, 159 distinct states found, 135 states left on queue.
@!@!@ENDMSG 2199 @!@!@
@!@!@STARTMSG 2194:0 @!@!@
The depth of the complete state graph search is 5.
@!@!@ENDMSG 2194 @!@!@
@!@!@STARTMSG 2268:0 @!@!@
The average outdegree of the complete state graph is 7 (minimum is 4, the maximum 10 and the 95th percentile is 9).
@!@!@ENDMSG 2268 @!@!@
@!@!@STARTMSG 2186:0 @!@!@
Finished in 2149ms at (2019-04-28 14:35:18)
@!@!@ENDMSG 2186 @!@!@
