@!@!@STARTMSG 2262:0 @!@!@
TLC2 Version 2.13 of 18 July 2018
@!@!@ENDMSG 2262 @!@!@
@!@!@STARTMSG 2187:0 @!@!@
Running breadth-first search Model-Checking with fp 44 and seed -1771178337916788413 with 4 workers on 8 cores with 2428MB heap and 5460MB offheap memory (Mac OS X 10.14.2 x86_64, Oracle Corporation 1.8.0_191 x86_64).
@!@!@ENDMSG 2187 @!@!@
@!@!@STARTMSG 2220:0 @!@!@
Starting SANY...
@!@!@ENDMSG 2220 @!@!@
Parsing file /Users/jywellin/Documents/GitHub/CRDT/RGA.toolbox/Model_1/MC.tla
Parsing file /Users/jywellin/Documents/GitHub/CRDT/RGA.toolbox/Model_1/RGA.tla
Parsing file /Applications/TLA+ Toolbox.app/Contents/Eclipse/plugins/org.lamport.tlatools_1.0.0.201811291744/tla2sany/StandardModules/TLC.tla
Parsing file /Applications/TLA+ Toolbox.app/Contents/Eclipse/plugins/org.lamport.tlatools_1.0.0.201811291744/tla2sany/StandardModules/Integers.tla
Parsing file /Applications/TLA+ Toolbox.app/Contents/Eclipse/plugins/org.lamport.tlatools_1.0.0.201811291744/tla2sany/StandardModules/Sequences.tla
Parsing file /Applications/TLA+ Toolbox.app/Contents/Eclipse/plugins/org.lamport.tlatools_1.0.0.201811291744/tla2sany/StandardModules/Naturals.tla
Parsing file /Users/jywellin/Documents/GitHub/CRDT/RGA.toolbox/Model_1/InsertTree.tla
Parsing file /Users/jywellin/Documents/GitHub/CRDT/RGA.toolbox/Model_1/CausalNetwork.tla
Parsing file /Users/jywellin/Documents/GitHub/CRDT/RGA.toolbox/Model_1/Network.tla
Parsing file /Applications/TLA+ Toolbox.app/Contents/Eclipse/plugins/org.lamport.tlatools_1.0.0.201811291744/tla2sany/StandardModules/FiniteSets.tla
Semantic processing of module Naturals
Semantic processing of module Integers
Semantic processing of module Sequences
Semantic processing of module FiniteSets
Semantic processing of module TLC
Semantic processing of module InsertTree
Semantic processing of module Network
Semantic processing of module CausalNetwork
Semantic processing of module RGA
Semantic processing of module MC
@!@!@STARTMSG 2219:0 @!@!@
SANY finished.
@!@!@ENDMSG 2219 @!@!@
@!@!@STARTMSG 2185:0 @!@!@
Starting... (2019-04-16 21:26:29)
@!@!@ENDMSG 2185 @!@!@
@!@!@STARTMSG 2189:0 @!@!@
Computing initial states...
@!@!@ENDMSG 2189 @!@!@
@!@!@STARTMSG 2190:0 @!@!@
Finished computing initial states: 1 distinct state generated at 2019-04-16 21:26:30.
@!@!@ENDMSG 2190 @!@!@
@!@!@STARTMSG 2200:0 @!@!@
Progress(6) at 2019-04-16 21:26:33: 31149 states generated (31,149 s/min), 27525 distinct states found (27,525 ds/min), 25826 states left on queue.
@!@!@ENDMSG 2200 @!@!@
@!@!@STARTMSG 2110:1 @!@!@
Invariant TypeOK is violated.
@!@!@ENDMSG 2110 @!@!@
@!@!@STARTMSG 2121:1 @!@!@
The behavior up to this point is:
@!@!@ENDMSG 2121 @!@!@
@!@!@STARTMSG 2217:4 @!@!@
1: <Initial predicate>
/\ chins = {"d", "e", "a", "b", "c"}
/\ msg = (r1 :> NotMsg @@ r2 :> NotMsg @@ r3 :> NotMsg)
/\ tombbuf = (r1 :> {} @@ r2 :> {} @@ r3 :> {})
/\ tcurrent = 1
/\ updateset = (r1 :> {} @@ r2 :> {} @@ r3 :> {})
/\ tree = (r1 :> {} @@ r2 :> {} @@ r3 :> {})
/\ tomb = (r1 :> {} @@ r2 :> {} @@ r3 :> {})
/\ insbuf = (r1 :> {} @@ r2 :> {} @@ r3 :> {})
/\ incoming = (r1 :> {} @@ r2 :> {} @@ r3 :> {})
/\ vc = ( r1 :> (r1 :> 0 @@ r2 :> 0 @@ r3 :> 0) @@
  r2 :> (r1 :> 0 @@ r2 :> 0 @@ r3 :> 0) @@
  r3 :> (r1 :> 0 @@ r2 :> 0 @@ r3 :> 0) )

@!@!@ENDMSG 2217 @!@!@
@!@!@STARTMSG 2217:4 @!@!@
2: <DoIns line 49, col 9 to line 56, col 68 of module RGA>
/\ chins = {"e", "a", "b", "c"}
/\ msg = (r1 :> NotMsg @@ r2 :> NotMsg @@ r3 :> NotMsg)
/\ tombbuf = (r1 :> {} @@ r2 :> {} @@ r3 :> {})
/\ tcurrent = 2
/\ updateset = (r1 :> {} @@ r2 :> {} @@ r3 :> {})
/\ tree = (r1 :> {[parent |-> "o", time |-> 1, ch |-> "d"]} @@ r2 :> {} @@ r3 :> {})
/\ tomb = (r1 :> {} @@ r2 :> {} @@ r3 :> {})
/\ insbuf = (r1 :> {[parent |-> "o", time |-> 1, ch |-> "d"]} @@ r2 :> {} @@ r3 :> {})
/\ incoming = (r1 :> {} @@ r2 :> {} @@ r3 :> {})
/\ vc = ( r1 :> (r1 :> 0 @@ r2 :> 0 @@ r3 :> 0) @@
  r2 :> (r1 :> 0 @@ r2 :> 0 @@ r3 :> 0) @@
  r3 :> (r1 :> 0 @@ r2 :> 0 @@ r3 :> 0) )

@!@!@ENDMSG 2217 @!@!@
@!@!@STARTMSG 2217:4 @!@!@
3: <DoIns line 49, col 9 to line 56, col 68 of module RGA>
/\ chins = {"a", "b", "c"}
/\ msg = (r1 :> NotMsg @@ r2 :> NotMsg @@ r3 :> NotMsg)
/\ tombbuf = (r1 :> {} @@ r2 :> {} @@ r3 :> {})
/\ tcurrent = 3
/\ updateset = (r1 :> {} @@ r2 :> {} @@ r3 :> {})
/\ tree = ( r1 :>
      { [parent |-> "d", time |-> 2, ch |-> "e"],
        [parent |-> "o", time |-> 1, ch |-> "d"] } @@
  r2 :> {} @@
  r3 :> {} )
/\ tomb = (r1 :> {} @@ r2 :> {} @@ r3 :> {})
/\ insbuf = ( r1 :>
      { [parent |-> "d", time |-> 2, ch |-> "e"],
        [parent |-> "o", time |-> 1, ch |-> "d"] } @@
  r2 :> {} @@
  r3 :> {} )
/\ incoming = (r1 :> {} @@ r2 :> {} @@ r3 :> {})
/\ vc = ( r1 :> (r1 :> 0 @@ r2 :> 0 @@ r3 :> 0) @@
  r2 :> (r1 :> 0 @@ r2 :> 0 @@ r3 :> 0) @@
  r3 :> (r1 :> 0 @@ r2 :> 0 @@ r3 :> 0) )

@!@!@ENDMSG 2217 @!@!@
@!@!@STARTMSG 2217:4 @!@!@
4: <DoIns line 49, col 9 to line 56, col 68 of module RGA>
/\ chins = {"b", "c"}
/\ msg = (r1 :> NotMsg @@ r2 :> NotMsg @@ r3 :> NotMsg)
/\ tombbuf = (r1 :> {} @@ r2 :> {} @@ r3 :> {})
/\ tcurrent = 4
/\ updateset = (r1 :> {} @@ r2 :> {} @@ r3 :> {})
/\ tree = ( r1 :>
      { [parent |-> "d", time |-> 2, ch |-> "e"],
        [parent |-> "d", time |-> 3, ch |-> "a"],
        [parent |-> "o", time |-> 1, ch |-> "d"] } @@
  r2 :> {} @@
  r3 :> {} )
/\ tomb = (r1 :> {} @@ r2 :> {} @@ r3 :> {})
/\ insbuf = ( r1 :>
      { [parent |-> "d", time |-> 2, ch |-> "e"],
        [parent |-> "d", time |-> 3, ch |-> "a"],
        [parent |-> "o", time |-> 1, ch |-> "d"] } @@
  r2 :> {} @@
  r3 :> {} )
/\ incoming = (r1 :> {} @@ r2 :> {} @@ r3 :> {})
/\ vc = ( r1 :> (r1 :> 0 @@ r2 :> 0 @@ r3 :> 0) @@
  r2 :> (r1 :> 0 @@ r2 :> 0 @@ r3 :> 0) @@
  r3 :> (r1 :> 0 @@ r2 :> 0 @@ r3 :> 0) )

@!@!@ENDMSG 2217 @!@!@
@!@!@STARTMSG 2217:4 @!@!@
5: <DoIns line 49, col 9 to line 56, col 68 of module RGA>
/\ chins = {"c"}
/\ msg = (r1 :> NotMsg @@ r2 :> NotMsg @@ r3 :> NotMsg)
/\ tombbuf = (r1 :> {} @@ r2 :> {} @@ r3 :> {})
/\ tcurrent = 5
/\ updateset = (r1 :> {} @@ r2 :> {} @@ r3 :> {})
/\ tree = ( r1 :>
      { [parent |-> "d", time |-> 2, ch |-> "e"],
        [parent |-> "d", time |-> 3, ch |-> "a"],
        [parent |-> "d", time |-> 4, ch |-> "b"],
        [parent |-> "o", time |-> 1, ch |-> "d"] } @@
  r2 :> {} @@
  r3 :> {} )
/\ tomb = (r1 :> {} @@ r2 :> {} @@ r3 :> {})
/\ insbuf = ( r1 :>
      { [parent |-> "d", time |-> 2, ch |-> "e"],
        [parent |-> "d", time |-> 3, ch |-> "a"],
        [parent |-> "d", time |-> 4, ch |-> "b"],
        [parent |-> "o", time |-> 1, ch |-> "d"] } @@
  r2 :> {} @@
  r3 :> {} )
/\ incoming = (r1 :> {} @@ r2 :> {} @@ r3 :> {})
/\ vc = ( r1 :> (r1 :> 0 @@ r2 :> 0 @@ r3 :> 0) @@
  r2 :> (r1 :> 0 @@ r2 :> 0 @@ r3 :> 0) @@
  r3 :> (r1 :> 0 @@ r2 :> 0 @@ r3 :> 0) )

@!@!@ENDMSG 2217 @!@!@
@!@!@STARTMSG 2217:4 @!@!@
6: <DoIns line 49, col 9 to line 56, col 68 of module RGA>
/\ chins = {}
/\ msg = (r1 :> NotMsg @@ r2 :> NotMsg @@ r3 :> NotMsg)
/\ tombbuf = (r1 :> {} @@ r2 :> {} @@ r3 :> {})
/\ tcurrent = 6
/\ updateset = (r1 :> {} @@ r2 :> {} @@ r3 :> {})
/\ tree = ( r1 :>
      { [parent |-> "d", time |-> 2, ch |-> "e"],
        [parent |-> "d", time |-> 3, ch |-> "a"],
        [parent |-> "d", time |-> 4, ch |-> "b"],
        [parent |-> "d", time |-> 5, ch |-> "c"],
        [parent |-> "o", time |-> 1, ch |-> "d"] } @@
  r2 :> {} @@
  r3 :> {} )
/\ tomb = (r1 :> {} @@ r2 :> {} @@ r3 :> {})
/\ insbuf = ( r1 :>
      { [parent |-> "d", time |-> 2, ch |-> "e"],
        [parent |-> "d", time |-> 3, ch |-> "a"],
        [parent |-> "d", time |-> 4, ch |-> "b"],
        [parent |-> "d", time |-> 5, ch |-> "c"],
        [parent |-> "o", time |-> 1, ch |-> "d"] } @@
  r2 :> {} @@
  r3 :> {} )
/\ incoming = (r1 :> {} @@ r2 :> {} @@ r3 :> {})
/\ vc = ( r1 :> (r1 :> 0 @@ r2 :> 0 @@ r3 :> 0) @@
  r2 :> (r1 :> 0 @@ r2 :> 0 @@ r3 :> 0) @@
  r3 :> (r1 :> 0 @@ r2 :> 0 @@ r3 :> 0) )

@!@!@ENDMSG 2217 @!@!@
@!@!@STARTMSG 2217:4 @!@!@
7: <DoDel line 61, col 9 to line 66, col 74 of module RGA>
/\ chins = {}
/\ msg = (r1 :> NotMsg @@ r2 :> NotMsg @@ r3 :> NotMsg)
/\ tombbuf = (r1 :> {"d"} @@ r2 :> {} @@ r3 :> {})
/\ tcurrent = 7
/\ updateset = (r1 :> {} @@ r2 :> {} @@ r3 :> {})
/\ tree = ( r1 :>
      { [parent |-> "d", time |-> 2, ch |-> "e"],
        [parent |-> "d", time |-> 3, ch |-> "a"],
        [parent |-> "d", time |-> 4, ch |-> "b"],
        [parent |-> "d", time |-> 5, ch |-> "c"],
        [parent |-> "o", time |-> 1, ch |-> "d"] } @@
  r2 :> {} @@
  r3 :> {} )
/\ tomb = (r1 :> {"d"} @@ r2 :> {} @@ r3 :> {})
/\ insbuf = ( r1 :>
      { [parent |-> "d", time |-> 2, ch |-> "e"],
        [parent |-> "d", time |-> 3, ch |-> "a"],
        [parent |-> "d", time |-> 4, ch |-> "b"],
        [parent |-> "d", time |-> 5, ch |-> "c"],
        [parent |-> "o", time |-> 1, ch |-> "d"] } @@
  r2 :> {} @@
  r3 :> {} )
/\ incoming = (r1 :> {} @@ r2 :> {} @@ r3 :> {})
/\ vc = ( r1 :> (r1 :> 0 @@ r2 :> 0 @@ r3 :> 0) @@
  r2 :> (r1 :> 0 @@ r2 :> 0 @@ r3 :> 0) @@
  r3 :> (r1 :> 0 @@ r2 :> 0 @@ r3 :> 0) )

@!@!@ENDMSG 2217 @!@!@
@!@!@STARTMSG 2201:0 @!@!@
The coverage statistics at 2019-04-16 21:26:33
@!@!@ENDMSG 2201 @!@!@
@!@!@STARTMSG 2221:0 @!@!@
  line 14, col 23 to line 14, col 55 of module CausalNetwork: 7065
@!@!@ENDMSG 2221 @!@!@
@!@!@STARTMSG 2221:0 @!@!@
  line 21, col 8 to line 24, col 50 of module Network: 7065
@!@!@ENDMSG 2221 @!@!@
@!@!@STARTMSG 2221:0 @!@!@
  line 24, col 13 to line 24, col 47 of module CausalNetwork: 1474
@!@!@ENDMSG 2221 @!@!@
@!@!@STARTMSG 2221:0 @!@!@
  line 25, col 13 to line 25, col 40 of module CausalNetwork: 1474
@!@!@ENDMSG 2221 @!@!@
@!@!@STARTMSG 2221:0 @!@!@
  line 25, col 8 to line 25, col 56 of module Network: 7065
@!@!@ENDMSG 2221 @!@!@
@!@!@STARTMSG 2221:0 @!@!@
  line 26, col 13 to line 26, col 56 of module CausalNetwork: 1474
@!@!@ENDMSG 2221 @!@!@
@!@!@STARTMSG 2221:0 @!@!@
  line 26, col 18 to line 26, col 24 of module Network: 0
@!@!@ENDMSG 2221 @!@!@
@!@!@STARTMSG 2221:0 @!@!@
  line 27, col 13 to line 27, col 61 of module CausalNetwork: 1474
@!@!@ENDMSG 2221 @!@!@
@!@!@STARTMSG 2221:0 @!@!@
  line 51, col 12 to line 51, col 35 of module RGA: 28893
@!@!@ENDMSG 2221 @!@!@
@!@!@STARTMSG 2221:0 @!@!@
  line 53, col 12 to line 53, col 36 of module RGA: 28893
@!@!@ENDMSG 2221 @!@!@
@!@!@STARTMSG 2221:0 @!@!@
  line 54, col 12 to line 54, col 53 of module RGA: 28893
@!@!@ENDMSG 2221 @!@!@
@!@!@STARTMSG 2221:0 @!@!@
  line 55, col 12 to line 55, col 55 of module RGA: 28893
@!@!@ENDMSG 2221 @!@!@
@!@!@STARTMSG 2221:0 @!@!@
  line 56, col 22 to line 56, col 68 of module RGA: 0
@!@!@ENDMSG 2221 @!@!@
@!@!@STARTMSG 2221:0 @!@!@
  line 63, col 12 to line 63, col 35 of module RGA: 6072
@!@!@ENDMSG 2221 @!@!@
@!@!@STARTMSG 2221:0 @!@!@
  line 64, col 12 to line 64, col 52 of module RGA: 6072
@!@!@ENDMSG 2221 @!@!@
@!@!@STARTMSG 2221:0 @!@!@
  line 65, col 12 to line 65, col 58 of module RGA: 6072
@!@!@ENDMSG 2221 @!@!@
@!@!@STARTMSG 2221:0 @!@!@
  line 66, col 22 to line 66, col 74 of module RGA: 0
@!@!@ENDMSG 2221 @!@!@
@!@!@STARTMSG 2221:0 @!@!@
  line 79, col 9 to line 79, col 45 of module RGA: 7065
@!@!@ENDMSG 2221 @!@!@
@!@!@STARTMSG 2221:0 @!@!@
  line 80, col 9 to line 80, col 42 of module RGA: 7065
@!@!@ENDMSG 2221 @!@!@
@!@!@STARTMSG 2221:0 @!@!@
  line 81, col 19 to line 81, col 49 of module RGA: 0
@!@!@ENDMSG 2221 @!@!@
@!@!@STARTMSG 2221:0 @!@!@
  line 88, col 8 to line 88, col 58 of module RGA: 1474
@!@!@ENDMSG 2221 @!@!@
@!@!@STARTMSG 2221:0 @!@!@
  line 89, col 8 to line 89, col 58 of module RGA: 1474
@!@!@ENDMSG 2221 @!@!@
@!@!@STARTMSG 2221:0 @!@!@
  line 90, col 18 to line 90, col 53 of module RGA: 0
@!@!@ENDMSG 2221 @!@!@
@!@!@STARTMSG 2202:0 @!@!@
End of statistics.
@!@!@ENDMSG 2202 @!@!@
@!@!@STARTMSG 2200:0 @!@!@
Progress(7) at 2019-04-16 21:26:33: 43505 states generated (665,723 s/min), 38381 distinct states found (587,314 ds/min), 36024 states left on queue.
@!@!@ENDMSG 2200 @!@!@
@!@!@STARTMSG 2199:0 @!@!@
43505 states generated, 38381 distinct states found, 36024 states left on queue.
@!@!@ENDMSG 2199 @!@!@
@!@!@STARTMSG 2194:0 @!@!@
The depth of the complete state graph search is 7.
@!@!@ENDMSG 2194 @!@!@
@!@!@STARTMSG 2268:0 @!@!@
The average outdegree of the complete state graph is 16 (minimum is 1, the maximum 23 and the 95th percentile is 22).
@!@!@ENDMSG 2268 @!@!@
@!@!@STARTMSG 2186:0 @!@!@
Finished in 4316ms at (2019-04-16 21:26:33)
@!@!@ENDMSG 2186 @!@!@
