@!@!@STARTMSG 2262:0 @!@!@
TLC2 Version 2.13 of 18 July 2018
@!@!@ENDMSG 2262 @!@!@
@!@!@STARTMSG 2187:0 @!@!@
Running breadth-first search Model-Checking with seed 9187960417451939886 with 4 workers on 4 cores with 297MB heap and 664MB offheap memory (Windows 10 10.0 amd64, Oracle Corporation 1.8.0_201 x86_64).
@!@!@ENDMSG 2187 @!@!@
@!@!@STARTMSG 2220:0 @!@!@
Starting SANY...
@!@!@ENDMSG 2220 @!@!@
Parsing file C:\Users\xhdn\Documents\GitHub\CRDT\OpCounter.toolbox\Model_1\MC.tla
Parsing file C:\Users\xhdn\Documents\GitHub\CRDT\OpCounter.toolbox\Model_1\OpCounter.tla
Parsing file C:\Users\xhdn\Desktop\编程\TLA\toolbox\plugins\org.lamport.tlatools_1.0.0.201807180447\tla2sany\StandardModules\TLC.tla
Parsing file C:\Users\xhdn\Desktop\编程\TLA\toolbox\plugins\org.lamport.tlatools_1.0.0.201807180447\tla2sany\StandardModules\Naturals.tla
Parsing file C:\Users\xhdn\Desktop\编程\TLA\toolbox\plugins\org.lamport.tlatools_1.0.0.201807180447\tla2sany\StandardModules\Sequences.tla
Parsing file C:\Users\xhdn\Desktop\编程\TLA\toolbox\plugins\org.lamport.tlatools_1.0.0.201807180447\tla2sany\StandardModules\Bags.tla
Parsing file C:\Users\xhdn\Documents\GitHub\CRDT\OpCounter.toolbox\Model_1\ReliableNetwork.tla
Parsing file C:\Users\xhdn\Documents\GitHub\CRDT\OpCounter.toolbox\Model_1\Network.tla
Parsing file C:\Users\xhdn\Desktop\编程\TLA\toolbox\plugins\org.lamport.tlatools_1.0.0.201807180447\tla2sany\StandardModules\FiniteSets.tla
Semantic processing of module Naturals
Semantic processing of module Sequences
Semantic processing of module FiniteSets
Semantic processing of module TLC
Semantic processing of module Bags
Semantic processing of module Network
Semantic processing of module ReliableNetwork
Semantic processing of module OpCounter
Semantic processing of module MC
@!@!@STARTMSG 2219:0 @!@!@
SANY finished.
@!@!@ENDMSG 2219 @!@!@
@!@!@STARTMSG 2185:0 @!@!@
Starting... (2019-04-02 21:13:33)
@!@!@ENDMSG 2185 @!@!@
@!@!@STARTMSG 2140:3 @!@!@
The subscript of the next-state relation specified by the specification
does not seem to contain the state variable seq
@!@!@ENDMSG 2140 @!@!@
@!@!@STARTMSG 2189:0 @!@!@
Computing initial states...
@!@!@ENDMSG 2189 @!@!@
@!@!@STARTMSG 2102:1 @!@!@
current state is not a legal state
While working on the initial state:
/\ seq = null
/\ buffer = (r1 :> 0 @@ r2 :> 0 @@ r3 :> 0)
/\ msg = (r1 :> [seq: Nat, r: {r1, r2, r3}, buf: Nat] @@ r2 :> [seq: Nat, r: {r1, r2, r3}, buf: Nat] @@ r3 :> [seq: Nat, r: {r1, r2, r3}, buf: Nat])
/\ counter = (r1 :> 0 @@ r2 :> 0 @@ r3 :> 0)
/\ incoming = (r1 :> {} @@ r2 :> {} @@ r3 :> {})

@!@!@ENDMSG 2102 @!@!@
@!@!@STARTMSG 2186:0 @!@!@
Finished in 2229ms at (2019-04-02 21:13:34)
@!@!@ENDMSG 2186 @!@!@
