@!@!@STARTMSG 2262:0 @!@!@
TLC2 Version 2.13 of 18 July 2018
@!@!@ENDMSG 2262 @!@!@
@!@!@STARTMSG 2187:0 @!@!@
Running breadth-first search Model-Checking with fp 58 and seed 5249162326675750248 with 4 workers on 8 cores with 2428MB heap and 5460MB offheap memory (Mac OS X 10.14.2 x86_64, Oracle Corporation 1.8.0_191 x86_64).
@!@!@ENDMSG 2187 @!@!@
@!@!@STARTMSG 2220:0 @!@!@
Starting SANY...
@!@!@ENDMSG 2220 @!@!@
Parsing file /Users/jywellin/CRDT-TLA/OpCounter.toolbox/Model_1/MC.tla
Parsing file /Users/jywellin/CRDT-TLA/OpCounter.toolbox/Model_1/OpCounter.tla
Parsing file /Applications/TLA+ Toolbox.app/Contents/Eclipse/plugins/org.lamport.tlatools_1.0.0.201811291744/tla2sany/StandardModules/TLC.tla
Parsing file /Applications/TLA+ Toolbox.app/Contents/Eclipse/plugins/org.lamport.tlatools_1.0.0.201811291744/tla2sany/StandardModules/Naturals.tla
Parsing file /Applications/TLA+ Toolbox.app/Contents/Eclipse/plugins/org.lamport.tlatools_1.0.0.201811291744/tla2sany/StandardModules/Sequences.tla
Parsing file /Users/jywellin/CRDT-TLA/OpCounter.toolbox/Model_1/Message.tla
Parsing file /Users/jywellin/CRDT-TLA/OpCounter.toolbox/Model_1/ReliableNetwork.tla
Parsing file /Users/jywellin/CRDT-TLA/OpCounter.toolbox/Model_1/Network.tla
Parsing file /Applications/TLA+ Toolbox.app/Contents/Eclipse/plugins/org.lamport.tlatools_1.0.0.201811291744/tla2sany/StandardModules/Bags.tla
Parsing file /Applications/TLA+ Toolbox.app/Contents/Eclipse/plugins/org.lamport.tlatools_1.0.0.201811291744/tla2sany/StandardModules/FiniteSets.tla
Semantic processing of module Naturals
Semantic processing of module Sequences
Semantic processing of module Message
Semantic processing of module FiniteSets
Semantic processing of module TLC
Semantic processing of module Bags
Semantic processing of module Network
Semantic processing of module ReliableNetwork
Semantic processing of module OpCounter
Semantic processing of module MC
@!@!@STARTMSG 2219:0 @!@!@
SANY finished.
@!@!@ENDMSG 2219 @!@!@
@!@!@STARTMSG 2185:0 @!@!@
Starting... (2019-04-29 16:19:39)
@!@!@ENDMSG 2185 @!@!@
@!@!@STARTMSG 2189:0 @!@!@
Computing initial states...
@!@!@ENDMSG 2189 @!@!@
@!@!@STARTMSG 2190:0 @!@!@
Finished computing initial states: 1 distinct state generated at 2019-04-29 16:19:40.
@!@!@ENDMSG 2190 @!@!@
@!@!@STARTMSG 2110:1 @!@!@
Invariant SEC is violated.
@!@!@ENDMSG 2110 @!@!@
@!@!@STARTMSG 2121:1 @!@!@
The behavior up to this point is:
@!@!@ENDMSG 2121 @!@!@
@!@!@STARTMSG 2217:4 @!@!@
1: <Initial predicate>
/\ seq = (r1 :> 0 @@ r2 :> 0 @@ r3 :> 0)
/\ buffer = (r1 :> 0 @@ r2 :> 0 @@ r3 :> 0)
/\ msg = (r1 :> NotMsg @@ r2 :> NotMsg @@ r3 :> NotMsg)
/\ last_updateset = (r1 :> {} @@ r2 :> {} @@ r3 :> {})
/\ counter = (r1 :> 0 @@ r2 :> 0 @@ r3 :> 0)
/\ updateset = (r1 :> {} @@ r2 :> {} @@ r3 :> {})
/\ messageset = (r1 :> {} @@ r2 :> {} @@ r3 :> {})
/\ incoming = (r1 :> << >> @@ r2 :> << >> @@ r3 :> << >>)

@!@!@ENDMSG 2217 @!@!@
@!@!@STARTMSG 2217:4 @!@!@
2: <Inc line 36, col 5 to line 40, col 34 of module OpCounter>
/\ seq = (r1 :> 1 @@ r2 :> 0 @@ r3 :> 0)
/\ buffer = (r1 :> 1 @@ r2 :> 0 @@ r3 :> 0)
/\ msg = (r1 :> NotMsg @@ r2 :> NotMsg @@ r3 :> NotMsg)
/\ last_updateset = (r1 :> {} @@ r2 :> {} @@ r3 :> {})
/\ counter = (r1 :> 1 @@ r2 :> 0 @@ r3 :> 0)
/\ updateset = (r1 :> {[seq |-> 0, r |-> r1]} @@ r2 :> {} @@ r3 :> {})
/\ messageset = (r1 :> {} @@ r2 :> {} @@ r3 :> {})
/\ incoming = (r1 :> << >> @@ r2 :> << >> @@ r3 :> << >>)

@!@!@ENDMSG 2217 @!@!@
@!@!@STARTMSG 2217:4 @!@!@
3: <Send line 43, col 5 to line 46, col 33 of module OpCounter>
/\ seq = (r1 :> 1 @@ r2 :> 0 @@ r3 :> 0)
/\ buffer = (r1 :> 0 @@ r2 :> 0 @@ r3 :> 0)
/\ msg = (r1 :> NotMsg @@ r2 :> NotMsg @@ r3 :> NotMsg)
/\ last_updateset = (r1 :> {[seq |-> 0, r |-> r1]} @@ r2 :> {} @@ r3 :> {})
/\ counter = (r1 :> 1 @@ r2 :> 0 @@ r3 :> 0)
/\ updateset = (r1 :> {[seq |-> 0, r |-> r1]} @@ r2 :> {} @@ r3 :> {})
/\ messageset = (r1 :> {} @@ r2 :> {} @@ r3 :> {})
/\ incoming = ( r1 :> << >> @@
  r2 :>
      ( [seq |-> 1, r |-> r1, update |-> {[seq |-> 0, r |-> r1]}, buf |-> 1] :>
            1 ) @@
  r3 :>
      ( [seq |-> 1, r |-> r1, update |-> {[seq |-> 0, r |-> r1]}, buf |-> 1] :>
            1 ) )

@!@!@ENDMSG 2217 @!@!@
@!@!@STARTMSG 2217:4 @!@!@
4: <Receive line 49, col 5 to line 51, col 32 of module OpCounter>
/\ seq = (r1 :> 1 @@ r2 :> 0 @@ r3 :> 0)
/\ buffer = (r1 :> 0 @@ r2 :> 0 @@ r3 :> 0)
/\ msg = ( r1 :> NotMsg @@
  r2 :> [seq |-> 1, r |-> r1, update |-> {[seq |-> 0, r |-> r1]}, buf |-> 1] @@
  r3 :> NotMsg )
/\ last_updateset = (r1 :> {[seq |-> 0, r |-> r1]} @@ r2 :> {[seq |-> 1, r |-> r1]} @@ r3 :> {})
/\ counter = (r1 :> 1 @@ r2 :> 1 @@ r3 :> 0)
/\ updateset = (r1 :> {[seq |-> 0, r |-> r1]} @@ r2 :> {[seq |-> 0, r |-> r1]} @@ r3 :> {})
/\ messageset = (r1 :> {} @@ r2 :> {[seq |-> 0, r |-> r1]} @@ r3 :> {})
/\ incoming = ( r1 :> << >> @@
  r2 :>
      ( [seq |-> 1, r |-> r1, update |-> {[seq |-> 0, r |-> r1]}, buf |-> 1] :>
            1 ) @@
  r3 :>
      ( [seq |-> 1, r |-> r1, update |-> {[seq |-> 0, r |-> r1]}, buf |-> 1] :>
            1 ) )

@!@!@ENDMSG 2217 @!@!@
@!@!@STARTMSG 2217:4 @!@!@
5: <Receive line 49, col 5 to line 51, col 32 of module OpCounter>
/\ seq = (r1 :> 1 @@ r2 :> 0 @@ r3 :> 0)
/\ buffer = (r1 :> 0 @@ r2 :> 0 @@ r3 :> 0)
/\ msg = ( r1 :> NotMsg @@
  r2 :> [seq |-> 1, r |-> r1, update |-> {[seq |-> 0, r |-> r1]}, buf |-> 1] @@
  r3 :> NotMsg )
/\ last_updateset = (r1 :> {[seq |-> 0, r |-> r1]} @@ r2 :> {[seq |-> 1, r |-> r1]} @@ r3 :> {})
/\ counter = (r1 :> 1 @@ r2 :> 2 @@ r3 :> 0)
/\ updateset = (r1 :> {[seq |-> 0, r |-> r1]} @@ r2 :> {[seq |-> 0, r |-> r1]} @@ r3 :> {})
/\ messageset = (r1 :> {} @@ r2 :> {[seq |-> 0, r |-> r1]} @@ r3 :> {})
/\ incoming = ( r1 :> << >> @@
  r2 :>
      ( [seq |-> 1, r |-> r1, update |-> {[seq |-> 0, r |-> r1]}, buf |-> 1] :>
            1 ) @@
  r3 :>
      ( [seq |-> 1, r |-> r1, update |-> {[seq |-> 0, r |-> r1]}, buf |-> 1] :>
            1 ) )

@!@!@ENDMSG 2217 @!@!@
@!@!@STARTMSG 2201:0 @!@!@
The coverage statistics at 2019-04-29 16:19:40
@!@!@ENDMSG 2201 @!@!@
@!@!@STARTMSG 2221:0 @!@!@
  line 11, col 17 to line 11, col 44 of module ReliableNetwork: 26
@!@!@ENDMSG 2221 @!@!@
@!@!@STARTMSG 2221:0 @!@!@
  line 13, col 18 to line 13, col 29 of module ReliableNetwork: 0
@!@!@ENDMSG 2221 @!@!@
@!@!@STARTMSG 2221:0 @!@!@
  line 21, col 8 to line 24, col 60 of module Network: 26
@!@!@ENDMSG 2221 @!@!@
@!@!@STARTMSG 2221:0 @!@!@
  line 26, col 18 to line 26, col 24 of module Network: 0
@!@!@ENDMSG 2221 @!@!@
@!@!@STARTMSG 2221:0 @!@!@
  line 29, col 8 to line 29, col 80 of module Message: 76
@!@!@ENDMSG 2221 @!@!@
@!@!@STARTMSG 2221:0 @!@!@
  line 30, col 18 to line 30, col 47 of module Message: 0
@!@!@ENDMSG 2221 @!@!@
@!@!@STARTMSG 2221:0 @!@!@
  line 33, col 8 to line 33, col 61 of module Message: 26
@!@!@ENDMSG 2221 @!@!@
@!@!@STARTMSG 2221:0 @!@!@
  line 34, col 8 to line 34, col 73 of module Message: 26
@!@!@ENDMSG 2221 @!@!@
@!@!@STARTMSG 2221:0 @!@!@
  line 35, col 8 to line 35, col 63 of module Message: 26
@!@!@ENDMSG 2221 @!@!@
@!@!@STARTMSG 2221:0 @!@!@
  line 36, col 8 to line 36, col 47 of module OpCounter: 76
@!@!@ENDMSG 2221 @!@!@
@!@!@STARTMSG 2221:0 @!@!@
  line 37, col 8 to line 37, col 45 of module OpCounter: 76
@!@!@ENDMSG 2221 @!@!@
@!@!@STARTMSG 2221:0 @!@!@
  line 38, col 8 to line 38, col 39 of module OpCounter: 76
@!@!@ENDMSG 2221 @!@!@
@!@!@STARTMSG 2221:0 @!@!@
  line 38, col 8 to line 38, col 68 of module Message: 26
@!@!@ENDMSG 2221 @!@!@
@!@!@STARTMSG 2221:0 @!@!@
  line 39, col 18 to line 39, col 42 of module Message: 0
@!@!@ENDMSG 2221 @!@!@
@!@!@STARTMSG 2221:0 @!@!@
  line 40, col 18 to line 40, col 34 of module OpCounter: 0
@!@!@ENDMSG 2221 @!@!@
@!@!@STARTMSG 2221:0 @!@!@
  line 44, col 8 to line 44, col 41 of module OpCounter: 26
@!@!@ENDMSG 2221 @!@!@
@!@!@STARTMSG 2221:0 @!@!@
  line 46, col 18 to line 46, col 33 of module OpCounter: 0
@!@!@ENDMSG 2221 @!@!@
@!@!@STARTMSG 2221:0 @!@!@
  line 50, col 8 to line 50, col 57 of module OpCounter: 26
@!@!@ENDMSG 2221 @!@!@
@!@!@STARTMSG 2221:0 @!@!@
  line 51, col 18 to line 51, col 32 of module OpCounter: 0
@!@!@ENDMSG 2221 @!@!@
@!@!@STARTMSG 2202:0 @!@!@
End of statistics.
@!@!@ENDMSG 2202 @!@!@
@!@!@STARTMSG 2200:0 @!@!@
Progress(7) at 2019-04-29 16:19:40: 129 states generated (13,602 s/min), 75 distinct states found (7,908 ds/min), 47 states left on queue.
@!@!@ENDMSG 2200 @!@!@
@!@!@STARTMSG 2199:0 @!@!@
129 states generated, 75 distinct states found, 47 states left on queue.
@!@!@ENDMSG 2199 @!@!@
@!@!@STARTMSG 2194:0 @!@!@
The depth of the complete state graph search is 7.
@!@!@ENDMSG 2194 @!@!@
@!@!@STARTMSG 2268:0 @!@!@
The average outdegree of the complete state graph is 3 (minimum is 0, the maximum 5 and the 95th percentile is 5).
@!@!@ENDMSG 2268 @!@!@
@!@!@STARTMSG 2186:0 @!@!@
Finished in 897ms at (2019-04-29 16:19:40)
@!@!@ENDMSG 2186 @!@!@
