@!@!@STARTMSG 2262:0 @!@!@
TLC2 Version 2.13 of 18 July 2018
@!@!@ENDMSG 2262 @!@!@
@!@!@STARTMSG 2187:0 @!@!@
Running breadth-first search Model-Checking with seed 5517903325905336925 with 4 workers on 4 cores with 297MB heap and 664MB offheap memory (Windows 10 10.0 amd64, Oracle Corporation 1.8.0_201 x86_64).
@!@!@ENDMSG 2187 @!@!@
@!@!@STARTMSG 2220:0 @!@!@
Starting SANY...
@!@!@ENDMSG 2220 @!@!@
Parsing file C:\Users\xhdn\Documents\GitHub\CRDT-TLA\RGA.toolbox\Model_1\MC.tla
Parsing file C:\Users\xhdn\Documents\GitHub\CRDT-TLA\RGA.toolbox\Model_1\RGA.tla
Parsing file C:\Users\xhdn\Desktop\TLA\toolbox\plugins\org.lamport.tlatools_1.0.0.201807180447\tla2sany\StandardModules\TLC.tla
Parsing file C:\Users\xhdn\Desktop\TLA\toolbox\plugins\org.lamport.tlatools_1.0.0.201807180447\tla2sany\StandardModules\Integers.tla
Parsing file C:\Users\xhdn\Desktop\TLA\toolbox\plugins\org.lamport.tlatools_1.0.0.201807180447\tla2sany\StandardModules\Sequences.tla
Parsing file C:\Users\xhdn\Desktop\TLA\toolbox\plugins\org.lamport.tlatools_1.0.0.201807180447\tla2sany\StandardModules\Naturals.tla
Parsing file C:\Users\xhdn\Documents\GitHub\CRDT-TLA\RGA.toolbox\Model_1\InsertTree.tla
Parsing file C:\Users\xhdn\Documents\GitHub\CRDT-TLA\RGA.toolbox\Model_1\SEC.tla
Parsing file C:\Users\xhdn\Documents\GitHub\CRDT-TLA\RGA.toolbox\Model_1\ReliableCausalNetwork.tla
Parsing file C:\Users\xhdn\Documents\GitHub\CRDT-TLA\RGA.toolbox\Model_1\ReliableNetwork.tla
Parsing file C:\Users\xhdn\Documents\GitHub\CRDT-TLA\RGA.toolbox\Model_1\Network.tla
Parsing file C:\Users\xhdn\Desktop\TLA\toolbox\plugins\org.lamport.tlatools_1.0.0.201807180447\tla2sany\StandardModules\Bags.tla
Parsing file C:\Users\xhdn\Documents\GitHub\CRDT-TLA\RGA.toolbox\Model_1\Message.tla
Parsing file C:\Users\xhdn\Desktop\TLA\toolbox\plugins\org.lamport.tlatools_1.0.0.201807180447\tla2sany\StandardModules\FiniteSets.tla
Semantic processing of module Naturals
Semantic processing of module Integers
Semantic processing of module Sequences
Semantic processing of module FiniteSets
Semantic processing of module TLC
Semantic processing of module SEC
Semantic processing of module InsertTree
Semantic processing of module Bags
Semantic processing of module Message
Semantic processing of module Network
Semantic processing of module ReliableNetwork
Semantic processing of module ReliableCausalNetwork
Semantic processing of module RGA
Semantic processing of module MC
@!@!@STARTMSG 2219:0 @!@!@
SANY finished.
@!@!@ENDMSG 2219 @!@!@
@!@!@STARTMSG 2185:0 @!@!@
Starting... (2019-05-07 00:48:24)
@!@!@ENDMSG 2185 @!@!@
<<"$!@$!@$!@$!@$!", FALSE>>
@!@!@STARTMSG 2189:0 @!@!@
Computing initial states...
@!@!@ENDMSG 2189 @!@!@
@!@!@STARTMSG 2102:1 @!@!@
current state is not a legal state
While working on the initial state:
/\ seq = [r1 |-> 0, r2 |-> 0, r3 |-> 0]
/\ chins = {"a", "b", "c"}
/\ msg = [r1 |-> NotMsg, r2 |-> NotMsg, r3 |-> NotMsg]
/\ tombbuf = [r1 |-> {}, r2 |-> {}, r3 |-> {}]
/\ last_updateset = [r1 |-> {}, r2 |-> {}, r3 |-> {}]
/\ updateset = [r1 |-> {}, r2 |-> {}, r3 |-> {}]
/\ tree = [r1 |-> {}, r2 |-> {}, r3 |-> {}]
/\ tomb = [r1 |-> {}, r2 |-> {}, r3 |-> {}]
/\ messageset = [r1 |-> {}, r2 |-> {}, r3 |-> {}]
/\ insbuf = [r1 |-> {}, r2 |-> {}, r3 |-> {}]
/\ incoming = [r1 |-> << >>, r2 |-> << >>, r3 |-> << >>]
/\ vc = null

@!@!@ENDMSG 2102 @!@!@
@!@!@STARTMSG 2186:0 @!@!@
Finished in 2619ms at (2019-05-07 00:48:26)
@!@!@ENDMSG 2186 @!@!@
