@!@!@STARTMSG 2262:0 @!@!@
TLC2 Version 2.13 of 18 July 2018
@!@!@ENDMSG 2262 @!@!@
@!@!@STARTMSG 2187:0 @!@!@
Running breadth-first search Model-Checking with seed -8399469883131011431 with 4 workers on 4 cores with 297MB heap and 664MB offheap memory (Windows 10 10.0 amd64, Oracle Corporation 1.8.0_201 x86_64).
@!@!@ENDMSG 2187 @!@!@
@!@!@STARTMSG 2220:0 @!@!@
Starting SANY...
@!@!@ENDMSG 2220 @!@!@
Parsing file C:\Users\xhdn\Documents\GitHub\CRDT\OpCounter.toolbox\Model_1\MC.tla
Parsing file C:\Users\xhdn\Documents\GitHub\CRDT\OpCounter.toolbox\Model_1\OpCounter.tla
Parsing file C:\Users\xhdn\Documents\Upupoo\Docker\config\编程\TLA\toolbox\plugins\org.lamport.tlatools_1.0.0.201807180447\tla2sany\StandardModules\TLC.tla
Parsing file C:\Users\xhdn\Documents\Upupoo\Docker\config\编程\TLA\toolbox\plugins\org.lamport.tlatools_1.0.0.201807180447\tla2sany\StandardModules\Naturals.tla
Parsing file C:\Users\xhdn\Documents\Upupoo\Docker\config\编程\TLA\toolbox\plugins\org.lamport.tlatools_1.0.0.201807180447\tla2sany\StandardModules\Sequences.tla
Parsing file C:\Users\xhdn\Documents\GitHub\CRDT\OpCounter.toolbox\Model_1\ReliableNetwork.tla
Parsing file C:\Users\xhdn\Documents\GitHub\CRDT\OpCounter.toolbox\Model_1\Network.tla
Parsing file C:\Users\xhdn\Documents\GitHub\CRDT\OpCounter.toolbox\Model_1\Message.tla
Parsing file C:\Users\xhdn\Documents\Upupoo\Docker\config\编程\TLA\toolbox\plugins\org.lamport.tlatools_1.0.0.201807180447\tla2sany\StandardModules\Bags.tla
Parsing file C:\Users\xhdn\Documents\Upupoo\Docker\config\编程\TLA\toolbox\plugins\org.lamport.tlatools_1.0.0.201807180447\tla2sany\StandardModules\FiniteSets.tla
Semantic processing of module Naturals
Semantic processing of module Sequences
Semantic processing of module Message
Semantic processing of module FiniteSets
Semantic processing of module TLC
Semantic processing of module Bags
Semantic processing of module Network
Semantic processing of module ReliableNetwork
Semantic processing of module OpCounter
Semantic processing of module MC
@!@!@STARTMSG 2219:0 @!@!@
SANY finished.
@!@!@ENDMSG 2219 @!@!@
@!@!@STARTMSG 2185:0 @!@!@
Starting... (2019-04-21 21:37:55)
@!@!@ENDMSG 2185 @!@!@
@!@!@STARTMSG 2189:0 @!@!@
Computing initial states...
@!@!@ENDMSG 2189 @!@!@
@!@!@STARTMSG 2102:1 @!@!@
Attempted to check equality of the function << >> with the value:
{}
While working on the initial state:
/\ seq = (r1 :> 0 @@ r2 :> 0 @@ r3 :> 0)
/\ buffer = (r1 :> 0 @@ r2 :> 0 @@ r3 :> 0)
/\ msg = (r1 :> NotMsg @@ r2 :> NotMsg @@ r3 :> NotMsg)
/\ counter = (r1 :> 0 @@ r2 :> 0 @@ r3 :> 0)
/\ updateset = (r1 :> << >> @@ r2 :> << >> @@ r3 :> << >>)
/\ incoming = (r1 :> << >> @@ r2 :> << >> @@ r3 :> << >>)

@!@!@ENDMSG 2102 @!@!@
@!@!@STARTMSG 2201:0 @!@!@
The coverage statistics at 2019-04-21 21:38:03
@!@!@ENDMSG 2201 @!@!@
@!@!@STARTMSG 2221:0 @!@!@
  line 11, col 8 to line 11, col 56 of module ReliableNetwork: 0
@!@!@ENDMSG 2221 @!@!@
@!@!@STARTMSG 2221:0 @!@!@
  line 12, col 20 to line 12, col 22 of module ReliableNetwork: 0
@!@!@ENDMSG 2221 @!@!@
@!@!@STARTMSG 2221:0 @!@!@
  line 35, col 13 to line 35, col 40 of module Network: 0
@!@!@ENDMSG 2221 @!@!@
@!@!@STARTMSG 2221:0 @!@!@
  line 36, col 13 to line 36, col 70 of module Network: 0
@!@!@ENDMSG 2221 @!@!@
@!@!@STARTMSG 2221:0 @!@!@
  line 37, col 20 to line 37, col 27 of module Network: 0
@!@!@ENDMSG 2221 @!@!@
@!@!@STARTMSG 2221:0 @!@!@
  line 39, col 8 to line 39, col 47 of module OpCounter: 0
@!@!@ENDMSG 2221 @!@!@
@!@!@STARTMSG 2221:0 @!@!@
  line 40, col 8 to line 40, col 45 of module OpCounter: 0
@!@!@ENDMSG 2221 @!@!@
@!@!@STARTMSG 2221:0 @!@!@
  line 41, col 8 to line 41, col 39 of module OpCounter: 0
@!@!@ENDMSG 2221 @!@!@
@!@!@STARTMSG 2221:0 @!@!@
  line 42, col 20 to line 42, col 27 of module OpCounter: 0
@!@!@ENDMSG 2221 @!@!@
@!@!@STARTMSG 2221:0 @!@!@
  line 42, col 30 to line 42, col 32 of module OpCounter: 0
@!@!@ENDMSG 2221 @!@!@
@!@!@STARTMSG 2221:0 @!@!@
  line 42, col 35 to line 42, col 43 of module OpCounter: 0
@!@!@ENDMSG 2221 @!@!@
@!@!@STARTMSG 2221:0 @!@!@
  line 46, col 8 to line 46, col 41 of module OpCounter: 0
@!@!@ENDMSG 2221 @!@!@
@!@!@STARTMSG 2221:0 @!@!@
  line 48, col 20 to line 48, col 26 of module OpCounter: 0
@!@!@ENDMSG 2221 @!@!@
@!@!@STARTMSG 2221:0 @!@!@
  line 48, col 29 to line 48, col 31 of module OpCounter: 0
@!@!@ENDMSG 2221 @!@!@
@!@!@STARTMSG 2221:0 @!@!@
  line 52, col 8 to line 52, col 57 of module OpCounter: 0
@!@!@ENDMSG 2221 @!@!@
@!@!@STARTMSG 2221:0 @!@!@
  line 53, col 20 to line 53, col 25 of module OpCounter: 0
@!@!@ENDMSG 2221 @!@!@
@!@!@STARTMSG 2221:0 @!@!@
  line 53, col 28 to line 53, col 30 of module OpCounter: 0
@!@!@ENDMSG 2221 @!@!@
@!@!@STARTMSG 2221:0 @!@!@
  line 7, col 8 to line 10, col 62 of module ReliableNetwork: 0
@!@!@ENDMSG 2221 @!@!@
@!@!@STARTMSG 2202:0 @!@!@
End of statistics.
@!@!@ENDMSG 2202 @!@!@
@!@!@STARTMSG 2200:0 @!@!@
Progress(1) at 2019-04-21 21:38:03: 1 states generated (9 s/min), 1 distinct states found (9 ds/min), 1 states left on queue.
@!@!@ENDMSG 2200 @!@!@
@!@!@STARTMSG 2199:0 @!@!@
1 states generated, 1 distinct states found, 1 states left on queue.
@!@!@ENDMSG 2199 @!@!@
@!@!@STARTMSG 2186:0 @!@!@
Finished in 11670ms at (2019-04-21 21:38:03)
@!@!@ENDMSG 2186 @!@!@
