@!@!@STARTMSG 2262:0 @!@!@
TLC2 Version 2.13 of 18 July 2018
@!@!@ENDMSG 2262 @!@!@
@!@!@STARTMSG 2187:0 @!@!@
Running breadth-first search Model-Checking with seed 1477611505349859236 with 4 workers on 4 cores with 297MB heap and 664MB offheap memory (Windows 10 10.0 amd64, Oracle Corporation 1.8.0_201 x86_64).
@!@!@ENDMSG 2187 @!@!@
@!@!@STARTMSG 2220:0 @!@!@
Starting SANY...
@!@!@ENDMSG 2220 @!@!@
Parsing file C:\Users\xhdn\Documents\GitHub\CRDT\RGA.toolbox\Model_1\MC.tla
Parsing file C:\Users\xhdn\Documents\GitHub\CRDT\RGA.toolbox\Model_1\RGA.tla
Parsing file C:\Users\xhdn\Desktop\编程\TLA\toolbox\plugins\org.lamport.tlatools_1.0.0.201807180447\tla2sany\StandardModules\TLC.tla
Parsing file C:\Users\xhdn\Desktop\编程\TLA\toolbox\plugins\org.lamport.tlatools_1.0.0.201807180447\tla2sany\StandardModules\Integers.tla
Parsing file C:\Users\xhdn\Desktop\编程\TLA\toolbox\plugins\org.lamport.tlatools_1.0.0.201807180447\tla2sany\StandardModules\Sequences.tla
Parsing file C:\Users\xhdn\Desktop\编程\TLA\toolbox\plugins\org.lamport.tlatools_1.0.0.201807180447\tla2sany\StandardModules\Naturals.tla
Parsing file C:\Users\xhdn\Documents\GitHub\CRDT\RGA.toolbox\Model_1\InsertTree.tla
Parsing file C:\Users\xhdn\Documents\GitHub\CRDT\RGA.toolbox\Model_1\CausalNetwork.tla
Parsing file C:\Users\xhdn\Documents\GitHub\CRDT\RGA.toolbox\Model_1\Network.tla
Parsing file C:\Users\xhdn\Desktop\编程\TLA\toolbox\plugins\org.lamport.tlatools_1.0.0.201807180447\tla2sany\StandardModules\FiniteSets.tla
Semantic processing of module Naturals
Semantic processing of module Integers
Semantic processing of module Sequences
Semantic processing of module FiniteSets
Semantic processing of module TLC
Semantic processing of module InsertTree
Semantic processing of module Network
Semantic processing of module CausalNetwork
Semantic processing of module RGA
Semantic processing of module MC
@!@!@STARTMSG 2219:0 @!@!@
SANY finished.
@!@!@ENDMSG 2219 @!@!@
@!@!@STARTMSG 2185:0 @!@!@
Starting... (2019-04-17 17:25:36)
@!@!@ENDMSG 2185 @!@!@
@!@!@STARTMSG 2105:1 @!@!@
Evaluating assumption line 42, col 8 to line 42, col 66 of module MC failed.
Attempted to apply record to a non-string value r1.
@!@!@ENDMSG 2105 @!@!@
@!@!@STARTMSG 2186:0 @!@!@
Finished in 2311ms at (2019-04-17 17:25:37)
@!@!@ENDMSG 2186 @!@!@
