@!@!@STARTMSG 2262:0 @!@!@
TLC2 Version 2.13 of 18 July 2018
@!@!@ENDMSG 2262 @!@!@
@!@!@STARTMSG 2187:0 @!@!@
Running breadth-first search Model-Checking with fp 34 and seed 311383097589737412 with 4 workers on 8 cores with 2428MB heap and 5460MB offheap memory (Mac OS X 10.14.2 x86_64, Oracle Corporation 1.8.0_191 x86_64).
@!@!@ENDMSG 2187 @!@!@
@!@!@STARTMSG 2220:0 @!@!@
Starting SANY...
@!@!@ENDMSG 2220 @!@!@
Parsing file /Users/jywellin/CRDT-TLA/RGA.toolbox/Model_1/MC.tla
Parsing file /Users/jywellin/CRDT-TLA/RGA.toolbox/Model_1/RGA.tla
Parsing file /Applications/TLA+ Toolbox.app/Contents/Eclipse/plugins/org.lamport.tlatools_1.0.0.201811291744/tla2sany/StandardModules/TLC.tla
Parsing file /Applications/TLA+ Toolbox.app/Contents/Eclipse/plugins/org.lamport.tlatools_1.0.0.201811291744/tla2sany/StandardModules/Integers.tla
Parsing file /Applications/TLA+ Toolbox.app/Contents/Eclipse/plugins/org.lamport.tlatools_1.0.0.201811291744/tla2sany/StandardModules/Sequences.tla
Parsing file /Applications/TLA+ Toolbox.app/Contents/Eclipse/plugins/org.lamport.tlatools_1.0.0.201811291744/tla2sany/StandardModules/Naturals.tla
Parsing file /Users/jywellin/CRDT-TLA/RGA.toolbox/Model_1/InsertTree.tla
Parsing file /Users/jywellin/CRDT-TLA/RGA.toolbox/Model_1/ReliableCausalNetwork.tla
Parsing file /Users/jywellin/CRDT-TLA/RGA.toolbox/Model_1/ReliableNetwork.tla
Parsing file /Users/jywellin/CRDT-TLA/RGA.toolbox/Model_1/Network.tla
Parsing file /Applications/TLA+ Toolbox.app/Contents/Eclipse/plugins/org.lamport.tlatools_1.0.0.201811291744/tla2sany/StandardModules/Bags.tla
Parsing file /Users/jywellin/CRDT-TLA/RGA.toolbox/Model_1/Message.tla
Parsing file /Applications/TLA+ Toolbox.app/Contents/Eclipse/plugins/org.lamport.tlatools_1.0.0.201811291744/tla2sany/StandardModules/FiniteSets.tla
Semantic processing of module Naturals
Semantic processing of module Integers
Semantic processing of module Sequences
Semantic processing of module FiniteSets
Semantic processing of module TLC
Semantic processing of module InsertTree
Semantic processing of module Bags
Semantic processing of module Message
Semantic processing of module Network
Semantic processing of module ReliableNetwork
Semantic processing of module ReliableCausalNetwork
Semantic processing of module RGA
Semantic processing of module MC
@!@!@STARTMSG 2219:0 @!@!@
SANY finished.
@!@!@ENDMSG 2219 @!@!@
@!@!@STARTMSG 2185:0 @!@!@
Starting... (2019-04-28 14:36:25)
@!@!@ENDMSG 2185 @!@!@
<<"$!@$!@$!@$!@$!", FALSE>>
@!@!@STARTMSG 2189:0 @!@!@
Computing initial states...
@!@!@ENDMSG 2189 @!@!@
@!@!@STARTMSG 2190:0 @!@!@
Finished computing initial states: 1 distinct state generated at 2019-04-28 14:36:26.
@!@!@ENDMSG 2190 @!@!@
@!@!@STARTMSG 2200:0 @!@!@
Progress(6) at 2019-04-28 14:36:29: 2211 states generated (2,211 s/min), 1278 distinct states found (1,278 ds/min), 937 states left on queue.
@!@!@ENDMSG 2200 @!@!@
@!@!@STARTMSG 2200:0 @!@!@
Progress(9) at 2019-04-28 14:37:29: 56773 states generated (54,562 s/min), 32635 distinct states found (31,357 ds/min), 16457 states left on queue.
@!@!@ENDMSG 2200 @!@!@
